This is pdfTeX, Version 3.141592653-2.6-1.40.22 (TeX Live 2021/W32TeX) (preloaded format=pdflatex 2025.10.6)  6 OCT 2025 22:54
entering extended mode
 restricted \write18 enabled.
 file:line:error style messages enabled.
 %&-line parsing enabled.
**c:/Users/lucas/Documents/Repositórios/TCC/main.tex
(c:/Users/lucas/Documents/Repositórios/TCC/main.tex
LaTeX2e <2020-10-01> patch level 4
L3 programming layer <2021-02-18> (c:/Users/lucas/Documents/Repositórios/TCC/utfpr.cls
Document Class: utfpr 2021/10/28 v2.0
(c:/texlive/2021/texmf-dist/tex/latex/setspace/setspace.sty
Package: setspace 2011/12/19 v6.7a set line spacing
) (c:/texlive/2021/texmf-dist/tex/latex/graphics/color.sty
Package: color 2020/02/24 v1.2b Standard LaTeX Color (DPC)
 (c:/texlive/2021/texmf-dist/tex/latex/graphics-cfg/color.cfg
File: color.cfg 2016/01/02 v1.6 sample color configuration
)
Package color Info: Driver file: pdftex.def on input line 147.
 (c:/texlive/2021/texmf-dist/tex/latex/graphics-def/pdftex.def
File: pdftex.def 2020/10/05 v1.2a Graphics/color driver for pdftex
)) (c:/texlive/2021/texmf-dist/tex/latex/substr/substr.sty
Package: substr 2009/10/20 v1.2 Handle substrings
\c@su@anzahl=\count179
)
-----> Option: pretextualoneside
-----> Option: fontetimes
-----> Option: semrecuonosumario
-----> Option: usemakeindex
-----> Option: pardeassinaturas
(c:/texlive/2021/texmf-dist/tex/latex/abntex2/abntex2.cls
Document Class: abntex2 2018/11/24 v-1.9.7 abnTeX2
(c:/texlive/2021/texmf-dist/tex/latex/base/ifthen.sty
Package: ifthen 2014/09/29 v1.1c Standard LaTeX ifthen package (DPC)
) (c:/texlive/2021/texmf-dist/tex/latex/memoir/memoir.cls
Document Class: memoir 2021/03/23 v3.7o configurable book, report, article document class
\onelineskip=\skip47
\lxvchars=\skip48
\xlvchars=\skip49
\@memcnta=\count180
\c@@memmarkcntra=\count181
(c:/texlive/2021/texmf-dist/tex/generic/iftex/iftex.sty
Package: iftex 2020/03/06 v1.0d TeX engine tests
)
\stockheight=\skip50
\stockwidth=\skip51
\trimtop=\skip52
\trimedge=\skip53
 (c:/texlive/2021/texmf-dist/tex/latex/memoir/mem12.clo
File: mem12.clo 2010/10/19 v0.4b memoir class 12pt size option
)
\binding=\skip54
\spinemargin=\skip55
\foremargin=\skip56
\uppermargin=\skip57
\lowermargin=\skip58
\headdrop=\skip59
\normalrulethickness=\skip60
\mem@maxheadheight=\skip61
\mem@maxfootheight=\skip62
\headwidth=\skip63
\c@storedpagenumber=\count182
\memPD=\dimen138
\m@mabparskip=\skip64
\thanksmarkwidth=\skip65
\thanksmarksep=\skip66
\droptitle=\skip67
\c@book=\count183
\c@part=\count184
\c@chapter=\count185
\c@section=\count186
\c@subsection=\count187
\c@subsubsection=\count188
\c@paragraph=\count189
\c@subparagraph=\count190
\beforechapskip=\skip68
\midchapskip=\skip69
\afterchapskip=\skip70
\chapindent=\skip71
\bottomsectionskip=\skip72
\secindent=\skip73
\beforesecskip=\skip74
\aftersecskip=\skip75
\subsecindent=\skip76
\beforesubsecskip=\skip77
\aftersubsecskip=\skip78
\subsubsecindent=\skip79
\beforesubsubsecskip=\skip80
\aftersubsubsecskip=\skip81
\paraindent=\skip82
\beforeparaskip=\skip83
\afterparaskip=\skip84
\subparaindent=\skip85
\beforesubparaskip=\skip86
\aftersubparaskip=\skip87
\pfbreakskip=\skip88
\c@@ppsavesec=\count191
\c@@ppsaveapp=\count192
\ragrparindent=\dimen139
\everylistparindent=\dimen140
\parsepi=\skip89
\topsepi=\skip90
\itemsepi=\skip91
\parsepii=\skip92
\topsepii=\skip93
\topsepiii=\skip94
\itemsepii=\skip95
\itemsepiii=\skip96
\partopsepii=\skip97
\partopsepiii=\skip98
\m@msavetopsep=\skip99
\m@msavepartopsep=\skip100
\@enLab=\toks15
\abstitleskip=\skip101
\absleftindent=\skip102
\abs@leftindent=\dimen141
\absrightindent=\skip103
\absparindent=\skip104
\absparsep=\skip105
\c@vslineno=\count193
\c@poemline=\count194
\c@modulo@vs=\count195
\c@memfvsline=\count196
\vleftskip=\skip106
\vrightskip=\skip107
\stanzaskip=\skip108
\versewidth=\skip109
\vgap=\skip110
\vindent=\skip111
\vleftmargin=\dimen142
\c@verse=\count197
\c@chrsinstr=\count198
\beforepoemtitleskip=\skip112
\afterpoemtitleskip=\skip113
\c@poem=\count199
\beforePoemTitleskip=\skip114
\midPoemTitleskip=\skip115
\afterPoemTitleskip=\skip116
 (c:/texlive/2021/texmf-dist/tex/latex/tools/array.sty
Package: array 2020/10/01 v2.5c Tabular extension package (FMi)
\col@sep=\dimen143
\ar@mcellbox=\box47
\extrarowheight=\dimen144
\NC@list=\toks16
\extratabsurround=\skip117
\backup@length=\skip118
\ar@cellbox=\box48
) (c:/texlive/2021/texmf-dist/tex/latex/tools/dcolumn.sty
Package: dcolumn 2014/10/28 v1.06 decimal alignment package (DPC)
) (c:/texlive/2021/texmf-dist/tex/latex/tools/delarray.sty
Package: delarray 2014/10/28 v1.01 array delimiter package (DPC)
) (c:/texlive/2021/texmf-dist/tex/latex/tools/tabularx.sty
Package: tabularx 2020/01/15 v2.11c `tabularx' package (DPC)
\TX@col@width=\dimen145
\TX@old@table=\dimen146
\TX@old@col=\dimen147
\TX@target=\dimen148
\TX@delta=\dimen149
\TX@cols=\count266
\TX@ftn=\toks17
)
\heavyrulewidth=\dimen150
\lightrulewidth=\dimen151
\cmidrulewidth=\dimen152
\belowrulesep=\dimen153
\belowbottomsep=\dimen154
\aboverulesep=\dimen155
\abovetopsep=\dimen156
\cmidrulesep=\dimen157
\cmidrulekern=\dimen158
\defaultaddspace=\dimen159
\@cmidla=\count267
\@cmidlb=\count268
\@aboverulesep=\dimen160
\@belowrulesep=\dimen161
\@thisruleclass=\count269
\@lastruleclass=\count270
\@thisrulewidth=\dimen162
\ctableftskip=\skip119
\ctabrightskip=\skip120
\abovecolumnspenalty=\count271
\@linestogo=\count272
\@cellstogo=\count273
\@cellsincolumn=\count274
\crtok=\toks18
\@mincolumnwidth=\dimen163
\c@newflo@tctr=\count275
\mem@margin@floatbox=\box49
\@contcwidth=\skip121
\@contindw=\skip122
\abovecaptionskip=\skip123
\belowcaptionskip=\skip124
\subfloattopskip=\skip125
\subfloatcapskip=\skip126
\subfloatcaptopadj=\skip127
\subfloatbottomskip=\skip128
\subfloatlabelskip=\skip129
\subfloatcapmargin=\dimen164
\c@@contsubnum=\count276
\m@mscap@capbox=\box50
\m@mscap@fbox=\box51
\sidecapsep=\dimen165
\sidecapwidth=\dimen166
\m@m@tempdima=\dimen167
\m@mscapraise=\dimen168
\sidecapraise=\dimen169
\m@mscapmainwidth=\dimen170
\m@mscaplkern=\dimen171
\beforeepigraphskip=\skip130
\afterepigraphskip=\skip131
\epigraphwidth=\skip132
\epigraphrule=\skip133
LaTeX Info: Redefining \em on input line 7650.
LaTeX Info: Redefining \emph on input line 7658.
\tocentryskip=\skip134
\tocbaseline=\skip135
\cftparskip=\skip136
\cftbeforebookskip=\skip137
\cftbookindent=\dimen172
\cftbooknumwidth=\dimen173
\cftbeforepartskip=\skip138
\cftpartindent=\skip139
\cftpartnumwidth=\skip140
\cftbeforechapterskip=\skip141
\cftchapterindent=\skip142
\cftchapternumwidth=\skip143
\cftbeforesectionskip=\skip144
\cftsectionindent=\skip145
\cftsectionnumwidth=\skip146
\cftbeforesubsectionskip=\skip147
\cftsubsectionindent=\skip148
\cftsubsectionnumwidth=\skip149
\cftbeforesubsubsectionskip=\skip150
\cftsubsubsectionindent=\skip151
\cftsubsubsectionnumwidth=\skip152
\cftbeforeparagraphskip=\skip153
\cftparagraphindent=\skip154
\cftparagraphnumwidth=\skip155
\cftbeforesubparagraphskip=\skip156
\cftsubparagraphindent=\skip157
\cftsubparagraphnumwidth=\skip158
\prechapterprecisshift=\dimen174
\c@maxsecnumdepth=\count277
\bibindent=\dimen175
\bibitemsep=\skip159
\indexcolsep=\skip160
\indexrule=\skip161
\indexmarkstyle=\toks19
\@indexbox=\insert252
\glossarycolsep=\dimen176
\glossaryrule=\dimen177
\sideparvshift=\skip162
\sideins=\insert251
\sidebartopsep=\skip163
\sidebarhsep=\skip164
\sidebarvsep=\skip165
\sidebarwidth=\skip166
\footmarkwidth=\skip167
\footmarksep=\skip168
\footparindent=\skip169
\footinsdim=\skip170
\footinsv@r=\insert250
\@mpfootinsv@r=\insert249
\m@m@k=\count278
\m@m@h=\dimen178
\m@mipn@skip=\skip171
\sidefootins=\insert248
\sidefootadjust=\skip172
\sidefootheight=\skip173
\sidefoothsep=\skip174
\sidefootvsep=\skip175
\sidefootwidth=\skip176
\m@mdownsf=\skip177
\c@sidefootnote=\count279
\sidefootmarkwidth=\skip178
\sidefootmarksep=\skip179
\sidefootparindent=\skip180
\c@pagenote=\count280
\c@pagenoteshadow=\count281
\mem@pn@lastkern=\skip181
\every@verbatim=\toks20
\afterevery@verbatim=\toks21
\verbatim@line=\toks22
\tab@position=\count282
\verbatim@in@stream=\read2
\verbatimindent=\skip182
\verbatim@out=\write3
\bvboxsep=\skip183
\c@memfbvline=\count283
\c@bvlinectr=\count284
\bvnumlength=\skip184
\fb@frw=\dimen179
\fb@frh=\dimen180
\FrameRule=\dimen181
\FrameSep=\dimen182
\c@cp@cntr=\count285
\c@ism@mctr=\count286
\c@xsm@mctr=\count287
\c@csm@mctr=\count288
\c@ksm@mctr=\count289
\c@xksm@mctr=\count290
\c@cksm@mctr=\count291
\c@msm@mctr=\count292
\c@xmsm@mctr=\count293
\c@cmsm@mctr=\count294
\c@bsm@mctr=\count295
\c@workm@mctr=\count296
\c@sheetsequence=\count297
\c@lastsheet=\count298
\c@lastpage=\count299
 (c:/texlive/2021/texmf-dist/tex/latex/textcase/textcase.sty
Package: textcase 2019/09/14 v1.00 Text only upper/lower case changing (DPC)
)
\c@figure=\count300
\c@lofdepth=\count301
\cftbeforefigureskip=\skip185
\cftfigureindent=\skip186
\cftfigurenumwidth=\skip187
\c@table=\count302
\c@lotdepth=\count303
\cftbeforetableskip=\skip188
\cfttableindent=\skip189
\cfttablenumwidth=\skip190
Package abstract [2008/07/23] emulated by memoir.
Package appendix [2008/07/23] emulated by memoir.
Package booktabs [2016/05/16] emulated by memoir.
Package ccaption [2008/07/23] emulated by memoir.
Package changepage [2008/07/23] emulated by memoir.
Package chngcntr [2008/07/23] emulated by memoir.
Package chngpage [2008/07/23] emulated by memoir.
Package crop emulated by memoir.
Package enumerate [2008/07/23] emulated by memoir.
Package epigraph [2008/07/23] emulated by memoir.
Package ifmtarg [2008/07/23] emulated by memoir.
Package index [2008/07/23] emulated by memoir.
Package makeidx [2008/07/23] emulated by memoir.
Package moreverb [2008/07/23] emulated by memoir.
Package needspace [2008/07/23] emulated by memoir.
Package newfile [2008/07/23] emulated by memoir.
Package nextpage [2008/07/23] emulated by memoir.
Package pagenote [2008/07/23] emulated by memoir.
Package parskip [2008/07/23] emulated by memoir.
Package patchcmd [2008/07/23] emulated by memoir.
Package setspace [2008/07/23] emulated by memoir.
Package shortvrb [2008/07/23] emulated by memoir.
Package showidx [2008/07/23] emulated by memoir.
Package titleref [2008/07/23] emulated by memoir.
Package titling [2008/07/23] emulated by memoir.
Package tocbibind [2008/07/23] emulated by memoir.
Package tocloft [2008/07/23] emulated by memoir.
Package tocvsec2 [2008/07/23] emulated by memoir.
Package verbatim [2008/07/23] emulated by memoir.
Package verse [2008/07/23] emulated by memoir.
) (c:/texlive/2021/texmf-dist/tex/latex/hyperref/hyperref.sty
Package: hyperref 2021-02-27 v7.00k Hypertext links for LaTeX
 (c:/texlive/2021/texmf-dist/tex/generic/ltxcmds/ltxcmds.sty
Package: ltxcmds 2020-05-10 v1.25 LaTeX kernel commands for general use (HO)
) (c:/texlive/2021/texmf-dist/tex/generic/pdftexcmds/pdftexcmds.sty
Package: pdftexcmds 2020-06-27 v0.33 Utility functions of pdfTeX for LuaTeX (HO)
 (c:/texlive/2021/texmf-dist/tex/generic/infwarerr/infwarerr.sty
Package: infwarerr 2019/12/03 v1.5 Providing info/warning/error messages (HO)
)
Package pdftexcmds Info: \pdf@primitive is available.
Package pdftexcmds Info: \pdf@ifprimitive is available.
Package pdftexcmds Info: \pdfdraftmode found.
) (c:/texlive/2021/texmf-dist/tex/latex/graphics/keyval.sty
Package: keyval 2014/10/28 v1.15 key=value parser (DPC)
\KV@toks@=\toks23
) (c:/texlive/2021/texmf-dist/tex/generic/kvsetkeys/kvsetkeys.sty
Package: kvsetkeys 2019/12/15 v1.18 Key value parser (HO)
) (c:/texlive/2021/texmf-dist/tex/generic/kvdefinekeys/kvdefinekeys.sty
Package: kvdefinekeys 2019-12-19 v1.6 Define keys (HO)
) (c:/texlive/2021/texmf-dist/tex/generic/pdfescape/pdfescape.sty
Package: pdfescape 2019/12/09 v1.15 Implements pdfTeX's escape features (HO)
) (c:/texlive/2021/texmf-dist/tex/latex/hycolor/hycolor.sty
Package: hycolor 2020-01-27 v1.10 Color options for hyperref/bookmark (HO)
) (c:/texlive/2021/texmf-dist/tex/latex/letltxmacro/letltxmacro.sty
Package: letltxmacro 2019/12/03 v1.6 Let assignment for LaTeX macros (HO)
) (c:/texlive/2021/texmf-dist/tex/latex/auxhook/auxhook.sty
Package: auxhook 2019-12-17 v1.6 Hooks for auxiliary files (HO)
) (c:/texlive/2021/texmf-dist/tex/latex/kvoptions/kvoptions.sty
Package: kvoptions 2020-10-07 v3.14 Key value format for package options (HO)
)
\@linkdim=\dimen183
\Hy@linkcounter=\count304
\Hy@pagecounter=\count305
 (c:/texlive/2021/texmf-dist/tex/latex/hyperref/pd1enc.def
File: pd1enc.def 2021-02-27 v7.00k Hyperref: PDFDocEncoding definition (HO)
Now handling font encoding PD1 ...
... no UTF-8 mapping file for font encoding PD1
) (c:/texlive/2021/texmf-dist/tex/latex/hyperref/hyperref-langpatches.def
File: hyperref-langpatches.def 2021-02-27 v7.00k Hyperref: patches for babel languages
) (c:/texlive/2021/texmf-dist/tex/generic/intcalc/intcalc.sty
Package: intcalc 2019/12/15 v1.3 Expandable calculations with integers (HO)
) (c:/texlive/2021/texmf-dist/tex/generic/etexcmds/etexcmds.sty
Package: etexcmds 2019/12/15 v1.7 Avoid name clashes with e-TeX commands (HO)
)
\Hy@SavedSpaceFactor=\count306
 (c:/texlive/2021/texmf-dist/tex/latex/hyperref/puenc.def
File: puenc.def 2021-02-27 v7.00k Hyperref: PDF Unicode definition (HO)
Now handling font encoding PU ...
... no UTF-8 mapping file for font encoding PU
)
Package hyperref Info: Option `pdfa' set `true' on input line 4073.
Package hyperref Info: Hyper figures OFF on input line 4192.
Package hyperref Info: Link nesting OFF on input line 4197.
Package hyperref Info: Hyper index ON on input line 4200.
Package hyperref Info: Plain pages OFF on input line 4207.
Package hyperref Info: Backreferencing OFF on input line 4212.
Package hyperref Info: Implicit mode ON; LaTeX internals redefined.
Package hyperref Info: Bookmarks ON on input line 4445.
\c@Hy@tempcnt=\count307
 (c:/texlive/2021/texmf-dist/tex/latex/url/url.sty
\Urlmuskip=\muskip16
Package: url 2013/09/16  ver 3.4  Verb mode for urls, etc.
)
LaTeX Info: Redefining \url on input line 4804.
\XeTeXLinkMargin=\dimen184
 (c:/texlive/2021/texmf-dist/tex/generic/bitset/bitset.sty
Package: bitset 2019/12/09 v1.3 Handle bit-vector datatype (HO)
 (c:/texlive/2021/texmf-dist/tex/generic/bigintcalc/bigintcalc.sty
Package: bigintcalc 2019/12/15 v1.5 Expandable calculations on big integers (HO)
))
\Fld@menulength=\count308
\Field@Width=\dimen185
\Fld@charsize=\dimen186
Package hyperref Info: Hyper figures OFF on input line 6075.
Package hyperref Info: Link nesting OFF on input line 6080.
Package hyperref Info: Hyper index ON on input line 6083.
Package hyperref Info: backreferencing OFF on input line 6090.
Package hyperref Info: Link coloring OFF on input line 6095.
Package hyperref Info: Link coloring with OCG OFF on input line 6100.
Package hyperref Info: PDF/A mode ON on input line 6103.
LaTeX Info: Redefining \ref on input line 6145.
LaTeX Info: Redefining \pageref on input line 6149.
 (c:/texlive/2021/texmf-dist/tex/latex/base/atbegshi-ltx.sty
Package: atbegshi-ltx 2020/08/17 v1.0a Emulation of the original atbegshi package
with kernel methods
)
\Hy@abspage=\count309
\c@Item=\count310
\c@Hfootnote=\count311
) (c:/texlive/2021/texmf-dist/tex/latex/memoir/memhfixc.sty
Package: memhfixc 2019/10/24 v1.18 nameref/hyperref package fixes for memoir class
\c@memhycontfloat=\count312
\c@Hpagenote=\count313
)
Package hyperref Info: Driver (autodetected): hpdftex.
 (c:/texlive/2021/texmf-dist/tex/latex/hyperref/hpdftex.def
File: hpdftex.def 2021-02-27 v7.00k Hyperref driver for pdfTeX
 (c:/texlive/2021/texmf-dist/tex/latex/base/atveryend-ltx.sty
Package: atveryend-ltx 2020/08/19 v1.0a Emulation of the original atvery package
with kernel methods
)
\Fld@listcount=\count314
\c@bookmark@seq@number=\count315
 (c:/texlive/2021/texmf-dist/tex/latex/rerunfilecheck/rerunfilecheck.sty
Package: rerunfilecheck 2019/12/05 v1.9 Rerun checks for auxiliary files (HO)
 (c:/texlive/2021/texmf-dist/tex/generic/uniquecounter/uniquecounter.sty
Package: uniquecounter 2019/12/15 v1.4 Provide unlimited unique counter (HO)
)
Package uniquecounter Info: New unique counter `rerunfilecheck' on input line 286.
)
\Hy@SectionHShift=\skip191
) (c:/texlive/2021/texmf-dist/tex/latex/bookmark/bookmark.sty
Package: bookmark 2020-11-06 v1.29 PDF bookmarks (HO)
 (c:/texlive/2021/texmf-dist/tex/latex/bookmark/bkm-pdftex.def
File: bkm-pdftex.def 2020-11-06 v1.29 bookmark driver for pdfTeX (HO)
\BKM@id=\count316
)) (c:/texlive/2021/texmf-dist/tex/generic/babel/babel.sty
Package: babel 2021/03/24 3.56 The Babel package
 (c:/texlive/2021/texmf-dist/tex/generic/babel/babel.def
File: babel.def 2021/03/24 3.56 Babel common definitions
\babel@savecnt=\count317
\U@D=\dimen187
\l@babelnohyphens=\language87
 (c:/texlive/2021/texmf-dist/tex/generic/babel/txtbabel.def)
\bbl@readstream=\read3
)
\bbl@dirlevel=\count318
 (c:/texlive/2021/texmf-dist/tex/generic/babel-english/english.ldf
Language: english 2017/06/06 v3.3r English support from the babel system
Package babel Info: \l@canadian = using hyphenrules for english
(babel)             (\language0) on input line 102.
Package babel Info: \l@australian = using hyphenrules for ukenglish
(babel)             (\language21) on input line 105.
Package babel Info: \l@newzealand = using hyphenrules for ukenglish
(babel)             (\language21) on input line 108.
) (c:/texlive/2021/texmf-dist/tex/generic/babel-french/french.ldf
Language: french 2020/10/10 v3.5l French support from the babel system
Package babel Info: \l@acadian = using hyphenrules for french
(babel)             (\language29) on input line 91.
Package babel Info: \l@canadien = using hyphenrules for french
(babel)             (\language29) on input line 92.
\FB@nonchar=\count319
Package babel Info: Making : an active character on input line 430.
Package babel Info: Making ; an active character on input line 431.
Package babel Info: Making ! an active character on input line 432.
Package babel Info: Making ? an active character on input line 433.
\FBguill@level=\count320
\FBold@everypar=\toks24
\FB@Mht=\dimen188
\mc@charclass=\count321
\mc@charfam=\count322
\mc@charslot=\count323
\std@mcc=\count324
\dec@mcc=\count325
\listindentFB=\dimen189
\descindentFB=\dimen190
\labelindentFB=\dimen191
\labelwidthFB=\dimen192
\leftmarginFB=\dimen193
\parindentFFN=\dimen194
\FBfnindent=\dimen195
) (c:/texlive/2021/texmf-dist/tex/generic/babel-spanish/spanish.ldf
Language: spanish.ldf 2016/03/03 v5.0p Spanish support from the babel system
\es@quottoks=\toks25
\es@quotdepth=\count326
Package babel Info: Making " an active character on input line 561.
Package babel Info: Making . an active character on input line 662.
Package babel Info: Making < an active character on input line 707.
Package babel Info: Making > an active character on input line 707.
) (c:/texlive/2021/texmf-dist/tex/generic/babel-portuges/brazil.ldf
Language: portuges 2021/02/04 v1.2s Portuguese support from the babel system
Package babel Info: \l@brazil = using hyphenrules for portuguese
(babel)             (\language70) on input line 111.
)) (c:/texlive/2021/texmf-dist/tex/latex/carlisle/scalefnt.sty) (c:/texlive/2021/texmf-dist/tex/latex/enumitem/enumitem.sty
Package: enumitem 2019/06/20 v3.9 Customized lists
\labelindent=\skip192
\enit@outerparindent=\dimen196
\enit@toks=\toks26
\enit@inbox=\box52
\enit@count@id=\count327
\enitdp@description=\count328
) (c:/texlive/2021/texmf-dist/tex/latex/tools/calc.sty
Package: calc 2017/05/25 v4.3 Infix arithmetic (KKT,FJ)
\calc@Acount=\count329
\calc@Bcount=\count330
\calc@Adimen=\dimen197
\calc@Bdimen=\dimen198
\calc@Askip=\skip193
\calc@Bskip=\skip194
LaTeX Info: Redefining \setlength on input line 80.
LaTeX Info: Redefining \addtolength on input line 81.
\calc@Ccount=\count331
\calc@Cskip=\skip195
)

******************************************************
Stock height and width: 845.04684pt by 597.50787pt
Top and edge trims: 0pt and 0pt
Page height and width: 845.04684pt by 597.50787pt
Text height and width: 708pt by 455pt
Spine and edge margins: 85.35826pt and 56.9055pt
Upper and lower margins: 85.35826pt and 51.68858pt
Headheight and headsep: 14.5pt and 19.8738pt
Footskip: 30pt
Columnsep and columnseprule: 10pt and 0pt
Marginparsep and marginparwidth: 7pt and 42.9055pt
Sidecapsep and sidecapwidth: 7pt and 42pt
Sidebarhsep and sidebarwidth: 7pt and 42pt
Sidebarvsep and sidebartopsep: 14.5pt and 0pt
Sidebarheight: 590.14995pt
Sidefoothsep and sidefootwidth: 7pt and 42pt
Sidefootvsep and sidefootheight: 14.5pt and 590.14995pt
******************************************************

\c@abntex@bookmarkcounter=\count332
\cftlastnumwidth=\skip196
\chapternamenumlength=\skip197
\ABNTEXcitacaorecuo=\skip198
\c@alineasi=\count333
\c@alineasii=\count334
\enitdp@alineas=\count335
\c@subalineasi=\count336
\enitdp@subalineas=\count337
\c@incisosi=\count338
\enitdp@incisos=\count339
\ABNTEXsignwidth=\skip199
\ABNTEXsignthickness=\skip256
\ABNTEXsignskip=\skip257
) (c:/texlive/2021/texmf-dist/tex/latex/base/inputenc.sty
Package: inputenc 2020/08/01 v1.3d Input encoding file
\inpenc@prehook=\toks27
\inpenc@posthook=\toks28
) (c:/texlive/2021/texmf-dist/tex/latex/cmap/cmap.sty
Package: cmap 2021/02/06 v1.0j CMap support: searchable PDF
) (c:/texlive/2021/texmf-dist/tex/latex/ae/ae.sty
Package: ae 2001/02/12 1.3 Almost European Computer Modern
 (c:/texlive/2021/texmf-dist/tex/latex/base/fontenc.sty
Package: fontenc 2020/08/10 v2.0s Standard LaTeX package
<<t1.cmap>>)) (c:/texlive/2021/texmf-dist/tex/latex/graphics/graphics.sty
Package: graphics 2020/08/30 v1.4c Standard LaTeX Graphics (DPC,SPQR)
 (c:/texlive/2021/texmf-dist/tex/latex/graphics/trig.sty
Package: trig 2016/01/03 v1.10 sin cos tan (DPC)
) (c:/texlive/2021/texmf-dist/tex/latex/graphics-cfg/graphics.cfg
File: graphics.cfg 2016/06/04 v1.11 sample graphics configuration
)
Package graphics Info: Driver file: pdftex.def on input line 105.
) (c:/texlive/2021/texmf-dist/tex/latex/graphics/graphicx.sty
Package: graphicx 2020/09/09 v1.2b Enhanced LaTeX Graphics (DPC,SPQR)
\Gin@req@height=\dimen199
\Gin@req@width=\dimen256
) (c:/texlive/2021/texmf-dist/tex/latex/base/fix-cm.sty
Package: fix-cm 2015/01/14 v1.1t fixes to LaTeX
 (c:/texlive/2021/texmf-dist/tex/latex/base/ts1enc.def
File: ts1enc.def 2001/06/05 v3.0e (jk/car/fm) Standard LaTeX file
LaTeX Font Info:    Redeclaring font encoding TS1 on input line 47.
)) (c:/texlive/2021/texmf-dist/tex/latex/hyphenat/hyphenat.sty
Package: hyphenat 2009/09/02 v2.3c hyphenation utilities
\langwohyphens=\language88
LaTeX Info: Redefining \_ on input line 43.
) (c:/texlive/2021/texmf-dist/tex/latex/abntex2/abntex2cite.sty
Package: abntex2cite 2018/11/24 v-1.9.7 abnTeX2
 (c:/texlive/2021/texmf-dist/tex/latex/abntex2/abntex2abrev.sty)
\minimumbiblabelwidth=\skip258
\ABCIauxlen=\skip259
\c@ABCIaux=\count340
\c@ABCImax=\count341
 (c:/texlive/2021/texmf-dist/tex/generic/iftex/ifpdf.sty
Package: ifpdf 2019/10/25 v3.4 ifpdf legacy package. Use iftex instead.
) (c:/texlive/2021/texmf-dist/tex/generic/iftex/ifxetex.sty
Package: ifxetex 2019/10/25 v0.7 ifxetex legacy package. Use iftex instead.
) (c:/texlive/2021/texmf-dist/tex/latex/relsize/relsize.sty
Package: relsize 2013/03/29 ver 4.1
)
\biblabelsep=\skip260
LaTeX Info: Redefining \newblock on input line 591.
LaTeX Info: Redefining \cite on input line 618.
\ABCItoken=\toks29
) (c:/texlive/2021/texmf-dist/tex/latex/geometry/geometry.sty
Package: geometry 2020/01/02 v5.9 Page Geometry
 (c:/texlive/2021/texmf-dist/tex/generic/iftex/ifvtex.sty
Package: ifvtex 2019/10/25 v1.7 ifvtex legacy package. Use iftex instead.
)
\Gm@cnth=\count342
\Gm@cntv=\count343
\c@Gm@tempcnt=\count344
\Gm@bindingoffset=\dimen257
\Gm@wd@mp=\dimen258
\Gm@odd@mp=\dimen259
\Gm@even@mp=\dimen260
\Gm@layoutwidth=\dimen261
\Gm@layoutheight=\dimen262
\Gm@layouthoffset=\dimen263
\Gm@layoutvoffset=\dimen264
\Gm@dimlist=\toks30
) (c:/texlive/2021/texmf-dist/tex/latex/lastpage/lastpage.sty
Package: lastpage 2015/03/29 v1.2m Refers to last page's name (HMM; JPG)
) (c:/texlive/2021/texmf-dist/tex/latex/algorithms/algorithmic.sty
Package: algorithmic 2009/08/24 v0.1 Document Style `algorithmic'
\c@ALC@unique=\count345
\c@ALC@line=\count346
\c@ALC@rem=\count347
\c@ALC@depth=\count348
\ALC@tlm=\skip261
\algorithmicindent=\skip262
) (c:/texlive/2021/texmf-dist/tex/latex/glossaries/base/glossaries.sty
Package: glossaries 2020/03/19 v4.46 (NLCT)
 (c:/texlive/2021/texmf-dist/tex/latex/xkeyval/xkeyval.sty
Package: xkeyval 2020/11/20 v2.8 package option processing (HA)
 (c:/texlive/2021/texmf-dist/tex/generic/xkeyval/xkeyval.tex (c:/texlive/2021/texmf-dist/tex/generic/xkeyval/xkvutils.tex
\XKV@toks=\toks31
\XKV@tempa@toks=\toks32
)
\XKV@depth=\count349
File: xkeyval.tex 2014/12/03 v2.7a key=value parser (HA)
)) (c:/texlive/2021/texmf-dist/tex/latex/mfirstuc/mfirstuc.sty
Package: mfirstuc 2017/11/14 v2.06 (NLCT)
 (c:/texlive/2021/texmf-dist/tex/latex/etoolbox/etoolbox.sty
Package: etoolbox 2020/10/05 v2.5k e-TeX tools for LaTeX (JAW)
\etb@tempcnta=\count350
)
\@glsmfirst=\toks33
\@glsmrest=\toks34
) (c:/texlive/2021/texmf-dist/tex/latex/xfor/xfor.sty
Package: xfor 2009/02/05 v1.05 (NLCT)
) (c:/texlive/2021/texmf-dist/tex/latex/datatool/datatool-base.sty
Package: datatool-base 2019/09/27 v2.32 (NLCT)
 (c:/texlive/2021/texmf-dist/tex/latex/amsmath/amsmath.sty
Package: amsmath 2020/09/23 v2.17i AMS math features
\@mathmargin=\skip263

For additional information on amsmath, use the `?' option.
(c:/texlive/2021/texmf-dist/tex/latex/amsmath/amstext.sty
Package: amstext 2000/06/29 v2.01 AMS text
 (c:/texlive/2021/texmf-dist/tex/latex/amsmath/amsgen.sty
File: amsgen.sty 1999/11/30 v2.0 generic functions
\@emptytoks=\toks35
\ex@=\dimen265
)) (c:/texlive/2021/texmf-dist/tex/latex/amsmath/amsbsy.sty
Package: amsbsy 1999/11/29 v1.2d Bold Symbols
\pmbraise@=\dimen266
) (c:/texlive/2021/texmf-dist/tex/latex/amsmath/amsopn.sty
Package: amsopn 2016/03/08 v2.02 operator names
)
\inf@bad=\count351
LaTeX Info: Redefining \frac on input line 234.
\uproot@=\count352
\leftroot@=\count353
LaTeX Info: Redefining \overline on input line 399.
\classnum@=\count354
\DOTSCASE@=\count355
LaTeX Info: Redefining \ldots on input line 496.
LaTeX Info: Redefining \dots on input line 499.
LaTeX Info: Redefining \cdots on input line 620.
\Mathstrutbox@=\box53
\strutbox@=\box54
\big@size=\dimen267
LaTeX Font Info:    Redeclaring font encoding OML on input line 743.
LaTeX Font Info:    Redeclaring font encoding OMS on input line 744.
\macc@depth=\count356
\c@MaxMatrixCols=\count357
\dotsspace@=\muskip17
\c@parentequation=\count358
\dspbrk@lvl=\count359
\tag@help=\toks36
\row@=\count360
\column@=\count361
\maxfields@=\count362
\andhelp@=\toks37
\eqnshift@=\dimen268
\alignsep@=\dimen269
\tagshift@=\dimen270
\tagwidth@=\dimen271
\totwidth@=\dimen272
\lineht@=\dimen273
\@envbody=\toks38
\multlinegap=\skip264
\multlinetaggap=\skip265
\mathdisplay@stack=\toks39
LaTeX Info: Redefining \[ on input line 2923.
LaTeX Info: Redefining \] on input line 2924.
) (c:/texlive/2021/texmf-dist/tex/latex/datatool/datatool-fp.sty
Package: datatool-fp 2019/09/27 v2.32 (NLCT)
 (c:/texlive/2021/texmf-dist/tex/latex/fp/fp.sty
Package: fp 1995/04/02
 `Fixed Point Package', Version 0.8, April 2, 1995 (C) Michael Mehlich (c:/texlive/2021/texmf-dist/tex/latex/fp/defpattern.sty
Package: defpattern 1994/10/12
\actioncount=\count363
) (c:/texlive/2021/texmf-dist/tex/latex/fp/fp-basic.sty
Package: fp-basic 1996/05/13
\FP@xs=\count364
\FP@xia=\count365
\FP@xib=\count366
\FP@xfa=\count367
\FP@xfb=\count368
\FP@rega=\count369
\FP@regb=\count370
\FP@regs=\count371
\FP@times=\count372
) (c:/texlive/2021/texmf-dist/tex/latex/fp/fp-addons.sty
Package: fp-addons 1995/03/15
) (c:/texlive/2021/texmf-dist/tex/latex/fp/fp-snap.sty
Package: fp-snap 1995/04/05
) (c:/texlive/2021/texmf-dist/tex/latex/fp/fp-exp.sty
Package: fp-exp 1995/04/03
) (c:/texlive/2021/texmf-dist/tex/latex/fp/fp-trigo.sty
Package: fp-trigo 1995/04/14
) (c:/texlive/2021/texmf-dist/tex/latex/fp/fp-pas.sty
Package: fp-pas 1994/08/29
) (c:/texlive/2021/texmf-dist/tex/latex/fp/fp-random.sty
Package: fp-random 1995/02/23
\FPseed=\count373
) (c:/texlive/2021/texmf-dist/tex/latex/fp/fp-eqn.sty
Package: fp-eqn 1995/04/03
) (c:/texlive/2021/texmf-dist/tex/latex/fp/fp-upn.sty
Package: fp-upn 1996/10/21
) (c:/texlive/2021/texmf-dist/tex/latex/fp/fp-eval.sty
Package: fp-eval 1995/04/03
)))
\@dtl@toks=\toks40
\@dtl@tmpcount=\count374
\dtl@tmplength=\skip266
\dtl@sortresult=\count375
\@dtl@numgrpsepcount=\count376
\@dtl@datatype=\count377
\dtl@codeA=\count378
\dtl@codeB=\count379
\@dtl@foreach@level=\count380
) (c:/texlive/2021/texmf-dist/tex/latex/glossaries/base/glossaries-compatible-307.sty
Package: glossaries-compatible-307 2020/03/19 v4.46 (NLCT)
) (c:/texlive/2021/texmf-dist/tex/latex/tracklang/tracklang.sty
Package: tracklang 2020/06/30 v1.5 (NLCT) Track Languages
 (c:/texlive/2021/texmf-dist/tex/generic/tracklang/tracklang.tex)) (c:/texlive/2021/texmf-dist/tex/latex/translator/translator.sty
Package: translator 2020-08-03 v1.12c Easy translation of strings in LaTeX
) (c:/texlive/2021/texmf-dist/tex/latex/glossaries-english/glossaries-english.ldf
File: glossaries-english.ldf 2014/11/23 v1.0
) (c:/texlive/2021/texmf-dist/tex/latex/glossaries-french/glossaries-french.ldf
File: glossaries-french.ldf 2016/12/12 v1.1
) (c:/texlive/2021/texmf-dist/tex/latex/glossaries-spanish/glossaries-spanish.ldf
File: glossaries-spanish.ldf 2014/11/23 v1.0
 (c:/texlive/2021/texmf-dist/tex/latex/glossaries-spanish/glossaries-spanish-utf8.ldf)) (c:/texlive/2021/texmf-dist/tex/latex/glossaries-portuges/glossaries-pt-BR.ldf
File: glossaries-pt-BR.ldf 2014/11/23 v1.0
 (c:/texlive/2021/texmf-dist/tex/latex/glossaries-portuges/glossaries-portuges-utf8.ldf))
\gls@level=\count381
\@gls@tmpb=\toks41
\gls@tmplen=\skip267
\glskeylisttok=\toks42
\glslabeltok=\toks43
\glsshorttok=\toks44
\glslongtok=\toks45
 (c:/texlive/2021/texmf-dist/tex/latex/glossaries/styles/glossary-hypernav.sty
Package: glossary-hypernav 2020/03/19 v4.46 (NLCT)
) (c:/texlive/2021/texmf-dist/tex/latex/glossaries/styles/glossary-list.sty
Package: glossary-list 2020/03/19 v4.46 (NLCT)
\glslistdottedwidth=\skip268
) (c:/texlive/2021/texmf-dist/tex/latex/glossaries/styles/glossary-long.sty
Package: glossary-long 2020/03/19 v4.46 (NLCT)
 (c:/texlive/2021/texmf-dist/tex/latex/tools/longtable.sty
Package: longtable 2020/01/07 v4.13 Multi-page Table package (DPC)
\LTleft=\skip269
\LTright=\skip270
\LTpre=\skip271
\LTpost=\skip272
\LTchunksize=\count382
\LTcapwidth=\dimen274
\LT@head=\box55
\LT@firsthead=\box56
\LT@foot=\box57
\LT@lastfoot=\box58
\LT@cols=\count383
\LT@rows=\count384
\c@LT@tables=\count385
\c@LT@chunks=\count386
\LT@p@ftn=\toks46
)
\glsdescwidth=\skip273
\glspagelistwidth=\skip274
) (c:/texlive/2021/texmf-dist/tex/latex/glossaries/styles/glossary-tree.sty
Package: glossary-tree 2020/03/19 v4.46 (NLCT)
\glstreeindent=\skip275
)) (c:/texlive/2021/texmf-dist/tex/latex/nomencl/nomencl.sty
Package: nomencl 2020/12/29 v5.5 Nomenclature package
 (c:/texlive/2021/texmf-dist/tex/latex/koma-script/tocbasic.sty
Package: tocbasic 2021/03/17 v3.33 KOMA-Script package (handling toc-files)
 (c:/texlive/2021/texmf-dist/tex/latex/koma-script/scrbase.sty
Package: scrbase 2021/03/17 v3.33 KOMA-Script package (KOMA-Script-independent basics and keyval usage)
 (c:/texlive/2021/texmf-dist/tex/latex/koma-script/scrlfile.sty
Package: scrlfile 2021/03/17 v3.33 KOMA-Script package (file load hooks)
 (c:/texlive/2021/texmf-dist/tex/latex/koma-script/scrlfile-hook.sty
Package: scrlfile-hook 2021/03/17 v3.33 KOMA-Script package (using LaTeX hooks)

LaTeX3 Info: Defining command \BeforeFile with sig. 'm' on line 61.


LaTeX3 Info: Defining command \AfterFile with sig. 'm' on line 65.


LaTeX3 Info: Defining command \BeforeClass with sig. 'm' on line 69.


LaTeX3 Info: Defining command \BeforePackage with sig. 'm' on line 73.


LaTeX3 Info: Defining command \AfterAtEndOfClass with sig. 'smo+m' on line 83.


LaTeX3 Info: Defining command \AfterAtEndOfPackage with sig. 'smo+m' on line
(LaTeX3)     93.


LaTeX3 Info: Defining command \scrlfile@AfterClass with sig. 'smo+m' on line
(LaTeX3)     173.


LaTeX3 Info: Defining command \AfterClass with sig. '' on line 174.


LaTeX3 Info: Defining command \scrlfile@AfterPackage with sig. 'smo+m' on line
(LaTeX3)     191.


LaTeX3 Info: Defining command \AfterPackage with sig. '' on line 192.


LaTeX3 Info: Defining command \ReplaceInput with sig. '' on line 193.


LaTeX3 Info: Defining command \ReplaceClass with sig. 'mm' on line 196.


LaTeX3 Info: Defining command \ReplacePackage with sig. 'mm' on line 199.


LaTeX3 Info: Defining command \UnReplaceInput with sig. '' on line 200.


LaTeX3 Info: Defining command \UnReplaceClass with sig. 'm' on line 203.


LaTeX3 Info: Defining command \UnReplacePackage with sig. 'mm' on line 206.


LaTeX3 Info: Defining command \PreventPackageFromLoading with sig. 's+om' on
(LaTeX3)     line 234.


LaTeX3 Info: Defining command \StorePreventPackageFromLoading with sig. 'm' on
(LaTeX3)     line 242.


LaTeX3 Info: Defining command \ResetPreventPackageFromLoading with sig. '' on
(LaTeX3)     line 247.


LaTeX3 Info: Defining command \UnPreventPackageFromLoading with sig. 'sm' on
(LaTeX3)     line 261.


LaTeX3 Info: Defining command \BeforeClosingMainAux with sig. 'om' on line
(LaTeX3)     274.


LaTeX3 Info: Defining command \AfterReadingMainAux with sig. 'om' on line 287.


LaTeX3 Info: Defining command \protected@immediate@write with sig. 'm+m+m' on
(LaTeX3)     line 298.

 (c:/texlive/2021/texmf-dist/tex/latex/koma-script/scrlogo.sty
Package: scrlogo 2021/03/17 v3.33 KOMA-Script package (logo)
)))
Skipping: [2021/05/01] Usage of raw option list on input line 252.
Applying: [0000/00/00] compatibility for LaTeX before 2021/05/01 on input line 337.
)
\scr@dte@tocline@numberwidth=\skip276
\scr@dte@tocline@numbox=\box59
)
Package tocbasic Info: setting babel extension for `nlo' on input line 187.
Package tocbasic Info: setting babel extension for `nls' on input line 188.
\nomlabelwidth=\dimen275
\nom@tempdim=\dimen276
\nomitemsep=\skip277
) (c:/texlive/2021/texmf-dist/tex/latex/SIstyle/sistyle.sty
Package: sistyle 2008/07/16 v2.3a SI units and numbers (DNJ Els)
\ttoks@A=\toks47
\ttoks@B=\toks48
) (c:/texlive/2021/texmf-dist/tex/latex/caption/caption.sty
Package: caption 2020/10/26 v3.5g Customizing captions (AR)
 (c:/texlive/2021/texmf-dist/tex/latex/caption/caption3.sty
Package: caption3 2020/10/21 v2.2e caption3 kernel (AR)
\captionmargin=\dimen277
\captionmargin@=\dimen278
\captionwidth=\dimen279
\caption@tempdima=\dimen280
\caption@indent=\dimen281
\caption@parindent=\dimen282
\caption@hangindent=\dimen283
Package caption Info: memoir document class detected.
Package caption Info: french babel package is loaded.
 (c:/texlive/2021/texmf-dist/tex/latex/caption/caption-memoir.sto
File: caption-memoir.sto 2020/10/10 v2.1 Adaption of the caption package to the memoir document class (AR)
))
\c@caption@flags=\count387
\c@continuedfloat=\count388
Package caption Info: changepage package is loaded.
\caption@adjustwidth@hsize=\dimen284
\caption@adjustwidth@linewidth=\dimen285
Package caption Info: hyperref package is loaded.
Package caption Info: longtable package is loaded.
 (c:/texlive/2021/texmf-dist/tex/latex/caption/ltcaption.sty
Package: ltcaption 2020/05/30 v1.4b longtable captions (AR)
)) (c:/texlive/2021/texmf-dist/tex/latex/xtab/xtab.sty
Package: xtab 2011/07/31 v2.3f Extended supertabular package
\c@tracingst=\count389
\PWSTcapht=\dimen286
\ST@wd=\dimen287
\ST@rightskip=\skip278
\ST@leftskip=\skip279
\ST@parfillskip=\skip280
\c@PWSTtable=\count390
\PWSTlastpage=\count391
\PWSTpenultimate=\count392
\PWSTcurpage=\count393
\PWSTtempc=\count394
\PWSTlines=\count395
\PWST@lastht=\dimen288
\PWST@generalht=\dimen289
\PWST@ht=\dimen290
\ST@pageleft=\dimen291
\ST@headht=\dimen292
\ST@tailht=\dimen293
\ST@pagesofar=\dimen294
\ST@pboxht=\dimen295
\ST@lineht=\dimen296
\ST@stretchht=\dimen297
\ST@prevht=\dimen298
\ST@toadd=\dimen299
\ST@dimen=\dimen300
\ST@pbox=\box60
) (c:/texlive/2021/texmf-dist/tex/latex/tools/indentfirst.sty
Package: indentfirst 1995/11/23 v1.03 Indent first paragraph (DPC)
) (c:/texlive/2021/texmf-dist/tex/latex/morewrites/morewrites.sty (c:/texlive/2021/texmf-dist/tex/latex/l3kernel/expl3.sty
Package: expl3 2021-02-18 L3 programming layer (loader) 
 (c:/texlive/2021/texmf-dist/tex/latex/l3backend/l3backend-pdftex.def
File: l3backend-pdftex.def 2021-03-18 L3 backend support: PDF output (pdfTeX)
\l__color_backend_stack_int=\count396
\l__pdf_internal_box=\box61
)) (c:/texlive/2021/texmf-dist/tex/latex/morewrites/primargs.sty
Package: primargs 2018/12/29 Parsing arguments of primitives
)
Package: morewrites 2018/12/29 Always room for a new write
\g__morewrites_later_int=\count397
\l__morewrites_user_int=\count398
\g__morewrites_iow=\write4
\g__morewrites_ior=\read4
\g__morewrites_group_level_int=\count399
\g__morewrites_shipout_box=\box62
\l__morewrites_collect_next_int=\count400
\g__morewrites_alloc_write_int=\count401
)
Package hyperref Info: Option `breaklinks' set `true' on input line 162.
Package hyperref Info: Option `colorlinks' set `true' on input line 162.
Package hyperref Info: Option `bookmarksopen' set `true' on input line 162.
Package hyperref Info: Option `bookmarksnumbered' set `true' on input line 162.
Package hyperref Info: Option `pdfdisplaydoctitle' set `true' on input line 162.
 (c:/texlive/2021/texmf-dist/tex/latex/psnfss/times.sty
Package: times 2020/03/25 PSNFSS-v9.3 (SPQR) 
) (c:/texlive/2021/texmf-dist/tex/latex/psnfss/helvet.sty
Package: helvet 2020/03/25 PSNFSS-v9.3 (WaS) 
)
*geometry* verbose mode - [ newgeometry ] result:
* driver: 
* paper: a4paper
* layout: <same size as paper>
* layoutoffset:(h,v)=(0.0pt,0.0pt)
* modes: 
* h-part:(L,W,R)=(85.35826pt, 455.24411pt, 56.9055pt)
* v-part:(T,H,B)=(85.35826pt, 724.12265pt, 35.56593pt)
* \paperwidth=597.50787pt
* \paperheight=845.04684pt
* \textwidth=455.24411pt
* \textheight=724.12265pt
* \oddsidemargin=13.08827pt
* \evensidemargin=13.08827pt
* \topmargin=-43.81721pt
* \headheight=28.45274pt
* \headsep=28.45274pt
* \topskip=12.0pt
* \footskip=14.22636pt
* \marginparwidth=42.9055pt
* \marginparsep=7.0pt
* \columnsep=10.0pt
* \skip\footins=12.0pt plus 4.0pt minus 4.0pt
* \hoffset=0.0pt
* \voffset=0.0pt
* \mag=1000
* \@twocolumnfalse
* \@twosidefalse
* \@mparswitchfalse
* \@reversemarginfalse
* (1in=72.27pt=25.4mm, 1cm=28.453pt)

\linha=\skip281
 (c:/texlive/2021/texmf-dist/tex/latex/pdfpages/pdfpages.sty
Package: pdfpages 2021/03/06 v0.5t Insert pages of external PDF documents (AM)
 (c:/texlive/2021/texmf-dist/tex/latex/eso-pic/eso-pic.sty
Package: eso-pic 2020/10/14 v3.0a eso-pic (RN)
\ESO@tempdima=\dimen301
\ESO@tempdimb=\dimen302
)
\AM@pagewidth=\dimen303
\AM@pageheight=\dimen304
\AM@fboxrule=\dimen305
 (c:/texlive/2021/texmf-dist/tex/latex/pdfpages/pppdftex.def
File: pppdftex.def 2021/03/06 v0.5t Pdfpages driver for pdfTeX (AM)
)
\pdfpages@includegraphics@status=\count402
\AM@pagebox=\box63
\AM@global@opts=\toks49
\AM@pagecnt=\count403
\AM@toc@title=\toks50
\c@AM@survey=\count404
\AM@templatesizebox=\box64
) (c:/texlive/2021/texmf-dist/tex/latex/ccicons/ccicons.sty
Package: ccicons 2017/10/30 v1.6 LaTeX support for Creative Commons icons
)
\c@loadepth=\count405
\c@algorithm=\count406
\cftbeforealgorithmskip=\skip282
\cftalgorithmindent=\skip283
\cftalgorithmnumwidth=\skip284
 (c:/texlive/2021/texmf-dist/tex/latex/listings/listings.sty
\lst@mode=\count407
\lst@gtempboxa=\box65
\lst@token=\toks51
\lst@length=\count408
\lst@currlwidth=\dimen306
\lst@column=\count409
\lst@pos=\count410
\lst@lostspace=\dimen307
\lst@width=\dimen308
\lst@newlines=\count411
\lst@lineno=\count412
\lst@maxwidth=\dimen309
 (c:/texlive/2021/texmf-dist/tex/latex/listings/lstmisc.sty
File: lstmisc.sty 2020/03/24 1.8d (Carsten Heinz)
\c@lstnumber=\count413
\lst@skipnumbers=\count414
\lst@framebox=\box66
) (c:/texlive/2021/texmf-dist/tex/latex/listings/listings.cfg
File: listings.cfg 2020/03/24 1.8d listings configuration
))
Package: listings 2020/03/24 1.8d (Carsten Heinz)
\c@sourcecode=\count415
\c@locdepth=\count416
\cftbeforesourcecodeskip=\skip285
\cftsourcecodeindent=\skip286
\cftsourcecodenumwidth=\skip287
\c@lopdepth=\count417
\c@photograph=\count418
\cftbeforephotographskip=\skip288
\cftphotographindent=\skip289
\cftphotographnumwidth=\skip290
\c@logedepth=\count419
\c@geralgraph=\count420
\cftbeforegeralgraphskip=\skip291
\cftgeralgraphindent=\skip292
\cftgeralgraphnumwidth=\skip293
\c@lohdepth=\count421
\c@graph=\count422
\cftbeforegraphskip=\skip294
\cftgraphindent=\skip295
\cftgraphnumwidth=\skip296
\c@loddepth=\count423
\c@tabframed=\count424
\cftbeforetabframedskip=\skip297
\cfttabframedindent=\skip298
\cfttabframednumwidth=\skip299
\rmnomlabel=\skip300
runsystem(makeindex main.idx)...executed safely (allowed).

runsystem(makeindex -s main.ist -t main.glg -o main.gls main.glo)...executed safely (allowed).

runsystem(makeindex -s main.ist -t main.alg -o main.acr main.acn)...executed safely (allowed).

runsystem(makeindex -s main.ist -t main.alg2 -o main.acr2 main.acn2)...executed safely (allowed).

runsystem(makeindex -s main.ist -t main.alg3 -o main.acr3 main.acn3)...executed safely (allowed).

runsystem(makeindex main.nlo -s nomencl.ist -o main.nls)...executed safely (allowed).

 (c:/texlive/2021/texmf-dist/tex/latex/titlesec/titlesec.sty
Package: titlesec 2019/10/16 v2.13 Sectioning titles
\ttl@box=\box67
\beforetitleunit=\skip301
\aftertitleunit=\skip302
\ttl@plus=\dimen310
\ttl@minus=\dimen311
\ttl@toksa=\toks52
\titlewidth=\dimen312
\titlewidthlast=\dimen313
\titlewidthfirst=\dimen314
) (c:/texlive/2021/texmf-dist/tex/generic/ulem/ulem.sty
\UL@box=\box68
\UL@hyphenbox=\box69
\UL@skip=\skip303
\UL@hook=\toks53
\UL@height=\dimen315
\UL@pe=\count425
\UL@pixel=\dimen316
\ULC@box=\box70
Package: ulem 2019/11/18
\ULdepth=\dimen317
)) (c:/texlive/2021/texmf-dist/tex/latex/pdfx/pdfx.sty
Package: pdfx 2019/02/27 v1.6.3 PDF/X and PDF/A support (CVR/HTH/RRM/PS)
\pdfx@minorversion=\count426
 (c:/texlive/2021/texmf-dist/tex/latex/base/everyshi-ltx.sty
Package: everyshi-ltx 2020/08/17 v1.0a Emulation of the original everyshi package
with kernel methods
) (c:/texlive/2021/texmf-dist/tex/generic/iftex/ifluatex.sty
Package: ifluatex 2019/10/25 v1.5 ifluatex legacy package. Use iftex instead.
){c:/texlive/2021/texmf-var/fonts/map/pdftex/updmap/pdftex.map} (c:/texlive/2021/texmf-dist/tex/latex/pdfx/l8u-penc.def
File: l8u-penc.def 2017/06/23 v0.8 Custom LaTeX file, for UTF8 encoded letters and symbols
LaTeX Info: Composite with undeclared \b in encoding L8U on input line 278.
 (c:/texlive/2021/texmf-dist/tex/latex/pdfx/l8ugrk-penc.def
File: l8ugrk-penc.def 2018/11/28 v0.6 Greek support for UTF8 in XMP metadata
) (c:/texlive/2021/texmf-dist/tex/latex/pdfx/l8umath-penc.def
File: l8umath-penc.def 2017/06/23 v0.6 Custom LaTeX file, for UTF8 encoded math symbols
))
\pdfxsafeforxmp@toks=\toks54
 (c:/texlive/2021/texmf-dist/tex/latex/xcolor/xcolor.sty
Package: xcolor 2016/05/11 v2.12 LaTeX color extensions (UK)
 (c:/texlive/2021/texmf-dist/tex/latex/graphics-cfg/color.cfg
File: color.cfg 2016/01/02 v1.6 sample color configuration
)
Package xcolor Info: Driver file: pdftex.def on input line 225.
LaTeX Info: Redefining \color on input line 709.
Package xcolor Info: Model `cmy' substituted by `cmy0' on input line 1348.
Package xcolor Info: Model `hsb' substituted by `rgb' on input line 1352.
Package xcolor Info: Model `RGB' extended on input line 1364.
Package xcolor Info: Model `HTML' substituted by `rgb' on input line 1366.
Package xcolor Info: Model `Hsb' substituted by `hsb' on input line 1367.
Package xcolor Info: Model `tHsb' substituted by `hsb' on input line 1368.
Package xcolor Info: Model `HSB' substituted by `hsb' on input line 1369.
Package xcolor Info: Model `Gray' substituted by `gray' on input line 1370.
Package xcolor Info: Model `wave' substituted by `hsb' on input line 1371.
)
\pdfx@tmptoks=\toks55


Package hyperref Warning: Option `pdftex' has already been used,
(hyperref)                setting the option has no effect on input line 1461.

Package hyperref Info: Option `unicode' set `true' on input line 1463.
(c:/texlive/2021/texmf-dist/tex/generic/stringenc/stringenc.sty
Package: stringenc 2019/11/29 v1.12 Convert strings between diff. encodings (HO)
)
Package hyperref Info: Option `psdextra' set `true' on input line 1465.
 (c:/texlive/2021/texmf-dist/tex/latex/hyperref/puenc-greekbasic.def
File: puenc-greekbasic.def 2021-02-27 v7.00k Hyperref: PDF Unicode definition (greek block) (HO)
) (c:/texlive/2021/texmf-dist/tex/latex/hyperref/psdextra.def
File: psdextra.def 2021-02-27 v7.00k Hyperref: Additions to PDF string support
) (c:/texlive/2021/texmf-dist/tex/generic/colorprofiles/colorprofiles.sty
Package: colorprofiles 2018/11/01 v1.0.1 color profiles for PDF/X and PDF/A support
 (c:/texlive/2021/texmf-dist/tex/generic/colorprofiles/colorprofiles.tex)) (c:/texlive/2021/texmf-dist/tex/generic/stringenc/se-pdfdoc.def
File: se-pdfdoc.def 2019/11/29 v1.12 stringenc: PDFDocEncoding
) (c:/texlive/2021/texmf-dist/tex/latex/pdfx/AdobeColorProfiles.tex) (c:/texlive/2021/texmf-dist/tex/latex/pdfx/8bit.def
File: 8bit.def 2008/03/30 v1.1d Input encoding file
)
** pdfx: No file main.xmpdata . Metadata will be incomplete!
<<sRGB.icc>> (c:/texlive/2021/texmf-dist/tex/latex/pdfx/8bit.def
File: 8bit.def 2008/03/30 v1.1d Input encoding file
)
Package hyperref Info: Option `unicode' set `true' on input line 2411.
Package hyperref Info: Option `unicode' set `true' on input line 2412.
 (c:/texlive/2021/texmf-dist/tex/generic/pdftex/glyphtounicode.tex) (c:/texlive/2021/texmf-dist/tex/latex/pdfx/glyphtounicode-cmr.tex) (c:/texlive/2021/texmf-dist/tex/latex/pdfx/glyphtounicode-ntx.tex) (c:/texlive/2021/texmf-dist/tex/latex/xmpincl/xmpincl.sty
Package: xmpincl 2008/05/10 v2.2 Include XMP data in pdflatex
) (c:/texlive/2021/texmf-dist/tex/latex/pdfx/8bit.def
File: 8bit.def 2008/03/30 v1.1d Input encoding file
)
Using XMP template file: pdfa.xmp
\xmpinclWrite=\write19
\xmpinclRead=\read5
\openout4 = `pdfa.xmpi'.

\openout4 = `main.mw'.

\openout4 = `main.mw'.

\openout4 = `main.mw'.

\openout4 = `main.mw'.

\openout4 = `main.mw'.

\openout4 = `main.mw'.

\openout4 = `main.mw'.

\openout4 = `main.mw'.

\openout4 = `main.mw'.

\openout4 = `main.mw'.

\openout4 = `main.mw'.

\openout4 = `main.mw'.

\openout4 = `main.mw'.

\openout4 = `main.mw'.

\openout4 = `main.mw'.

\openout4 = `main.mw'.

\openout4 = `main.mw'.

\openout4 = `main.mw'.

\openout4 = `main.mw'.

\openout4 = `main.mw'.

\openout4 = `main.mw'.

\openout4 = `main.mw'.

\openout4 = `main.mw'.

\openout4 = `main.mw'.

\openout4 = `main.mw'.

\openout4 = `main.mw'.

\openout4 = `main.mw'.

\openout4 = `main.mw'.

\openout4 = `main.mw'.

\openout4 = `main.mw'.

\openout4 = `main.mw'.

\openout4 = `main.mw'.

\openout4 = `main.mw'.

\openout4 = `main.mw'.

\openout4 = `main.mw'.

\openout4 = `main.mw'.

\openout4 = `main.mw'.

\openout4 = `main.mw'.

\openout4 = `main.mw'.

\openout4 = `main.mw'.

\openout4 = `main.mw'.

\openout4 = `main.mw'.

\openout4 = `main.mw'.

\openout4 = `main.mw'.

\openout4 = `main.mw'.

\openout4 = `main.mw'.

\openout4 = `main.mw'.

\openout4 = `main.mw'.

\openout4 = `main.mw'.

\openout4 = `main.mw'.

\openout4 = `main.mw'.

\openout4 = `main.mw'.

\openout4 = `main.mw'.

\openout4 = `main.mw'.

\openout4 = `main.mw'.

\openout4 = `main.mw'.

\openout4 = `main.mw'.

\openout4 = `main.mw'.

\openout4 = `main.mw'.

\openout4 = `main.mw'.

\openout4 = `main.mw'.

\openout4 = `main.mw'.

\openout4 = `main.mw'.

\openout4 = `main.mw'.

\openout4 = `main.mw'.

\openout4 = `main.mw'.

\openout4 = `main.mw'.

\openout4 = `main.mw'.

\openout4 = `main.mw'.

\openout4 = `main.mw'.

\openout4 = `main.mw'.

\openout4 = `main.mw'.

\openout4 = `main.mw'.

\openout4 = `main.mw'.

\openout4 = `main.mw'.

\openout4 = `main.mw'.

\openout4 = `main.mw'.

\openout4 = `main.mw'.

\openout4 = `main.mw'.

\openout4 = `main.mw'.

\openout4 = `main.mw'.

\openout4 = `main.mw'.

\openout4 = `main.mw'.

\openout4 = `main.mw'.

\openout4 = `main.mw'.

\openout4 = `main.mw'.

\openout4 = `main.mw'.

\openout4 = `main.mw'.

\openout4 = `main.mw'.

\openout4 = `main.mw'.

\openout4 = `main.mw'.

\openout4 = `main.mw'.

\openout4 = `main.mw'.

\openout4 = `main.mw'.

\openout4 = `main.mw'.

\openout4 = `main.mw'.

\openout4 = `main.mw'.

\openout4 = `main.mw'.

\openout4 = `main.mw'.

\openout4 = `main.mw'.

\openout4 = `main.mw'.

\openout4 = `main.mw'.

\openout4 = `main.mw'.

\openout4 = `main.mw'.

\openout4 = `main.mw'.

\openout4 = `main.mw'.

\openout4 = `main.mw'.

\openout4 = `main.mw'.

\openout4 = `main.mw'.

\openout4 = `main.mw'.

\openout4 = `main.mw'.

\openout4 = `main.mw'.

\openout4 = `main.mw'.

\openout4 = `main.mw'.

\openout4 = `main.mw'.

\openout4 = `main.mw'.

\openout4 = `main.mw'.

\openout4 = `main.mw'.

\openout4 = `main.mw'.

\openout4 = `main.mw'.

\openout4 = `main.mw'.

\openout4 = `main.mw'.

\openout4 = `main.mw'.

\openout4 = `main.mw'.

\openout4 = `main.mw'.

\openout4 = `main.mw'.

\openout4 = `main.mw'.

\openout4 = `main.mw'.

\openout4 = `main.mw'.

\openout4 = `main.mw'.

\openout4 = `main.mw'.

\openout4 = `main.mw'.

\openout4 = `main.mw'.

\openout4 = `main.mw'.

\openout4 = `main.mw'.

\openout4 = `main.mw'.

\openout4 = `main.mw'.

\openout4 = `main.mw'.

\openout4 = `main.mw'.

\openout4 = `main.mw'.

\openout4 = `main.mw'.

\openout4 = `main.mw'.

\openout4 = `main.mw'.

\openout4 = `main.mw'.

\openout4 = `main.mw'.

\openout4 = `main.mw'.

\openout4 = `main.mw'.

\openout4 = `main.mw'.

\openout4 = `main.mw'.

\openout4 = `main.mw'.

\openout4 = `main.mw'.

\openout4 = `main.mw'.

\openout4 = `main.mw'.

\openout4 = `main.mw'.

\openout4 = `main.mw'.

\openout4 = `main.mw'.

\openout4 = `main.mw'.

\openout4 = `main.mw'.

\openout4 = `main.mw'.

\openout4 = `main.mw'.

\openout4 = `main.mw'.

\openout4 = `main.mw'.

\openout4 = `main.mw'.

\openout4 = `main.mw'.

\openout4 = `pdfa.xmpi'.

<<pdfa.xmpi>>) (./configuracoes.tex (c:/texlive/2021/texmf-dist/tex/latex/multirow/bigdelim.sty
Package: bigdelim 2021/03/15 v2.8 Create big delimiters in tabular or array
 (c:/texlive/2021/texmf-dist/tex/latex/multirow/multirow.sty
Package: multirow 2021/03/15 v2.8 Span multiple rows of a table
\multirow@colwidth=\skip304
\multirow@cntb=\count427
\multirow@dima=\skip305
\bigstrutjot=\dimen318
)) (c:/texlive/2021/texmf-dist/tex/latex/colortbl/colortbl.sty
Package: colortbl 2020/01/04 v1.0e Color table columns (DPC)
\everycr=\toks56
\minrowclearance=\skip306
) (c:/texlive/2021/texmf-dist/tex/latex/amsfonts/amssymb.sty
Package: amssymb 2013/01/14 v3.01 AMS font symbols
 (c:/texlive/2021/texmf-dist/tex/latex/amsfonts/amsfonts.sty
Package: amsfonts 2013/01/14 v3.01 Basic AMSFonts support
\symAMSa=\mathgroup4
\symAMSb=\mathgroup5
LaTeX Font Info:    Redeclaring math symbol \hbar on input line 98.
LaTeX Font Info:    Overwriting math alphabet `\mathfrak' in version `bold'
(Font)                  U/euf/m/n --> U/euf/b/n on input line 106.
)) (c:/texlive/2021/texmf-dist/tex/latex/amscls/amsthm.sty
Package: amsthm 2020/05/29 v2.20.6
\thm@style=\toks57
\thm@bodyfont=\toks58
\thm@headfont=\toks59
\thm@notefont=\toks60
\thm@headpunct=\toks61
\thm@preskip=\skip307
\thm@postskip=\skip308
\thm@headsep=\skip309
\dth@everypar=\toks62
) (c:/texlive/2021/texmf-dist/tex/latex/was/icomma.sty
Package: icomma 2002/03/10 v2.0 (WaS)
) (c:/texlive/2021/texmf-dist/tex/latex/psnfss/pifont.sty
Package: pifont 2020/03/25 PSNFSS-v9.3 Pi font support (SPQR) 
LaTeX Font Info:    Trying to load font information for U+pzd on input line 63.
 (c:/texlive/2021/texmf-dist/tex/latex/psnfss/upzd.fd
File: upzd.fd 2001/06/04 font definitions for U/pzd.
)
LaTeX Font Info:    Trying to load font information for U+psy on input line 64.
 (c:/texlive/2021/texmf-dist/tex/latex/psnfss/upsy.fd
File: upsy.fd 2001/06/04 font definitions for U/psy.
)) (c:/texlive/2021/texmf-dist/tex/latex/base/textcomp.sty
Package: textcomp 2020/02/02 v2.0n Standard LaTeX package
) (c:/texlive/2021/texmf-dist/tex/latex/wasysym/wasysym.sty
Package: wasysym 2020/01/19 v2.4 Wasy-2 symbol support package
\symwasy=\mathgroup6
LaTeX Font Info:    Overwriting symbol font `wasy' in version `bold'
(Font)                  U/wasy/m/n --> U/wasy/b/n on input line 93.
) (c:/texlive/2021/texmf-dist/tex/latex/lipsum/lipsum.sty (c:/texlive/2021/texmf-dist/tex/latex/l3packages/xparse/xparse.sty (c:/texlive/2021/texmf-dist/tex/latex/l3packages/xparse/xparse-2020-10-01.sty (c:/texlive/2021/texmf-dist/tex/latex/l3packages/xparse/xparse-generic.tex)))
Package: lipsum 2021-03-03 v2.3 150 paragraphs of Lorem Ipsum dummy text
 (c:/texlive/2021/texmf-dist/tex/latex/lipsum/lipsum.ltd.tex
File: lipsum.ltd.tex 2021-03-03 v2.3 The Lorem ipsum dummy text
)) (c:/texlive/2021/texmf-dist/tex/latex/subfig/subfig.sty
Package: subfig 2005/06/28 ver: 1.3 subfig package
\c@KVtest=\count428
\sf@farskip=\skip310
\sf@captopadj=\dimen319
\sf@capskip=\skip311
\sf@nearskip=\skip312
\c@subfigure=\count429
\c@subfigure@save=\count430
\c@subtable=\count431
\c@subtable@save=\count432
\sf@top=\skip313
\sf@bottom=\skip314
) (c:/texlive/2021/texmf-dist/tex/latex/tools/xspace.sty
Package: xspace 2014/10/28 v1.13 Space after command names (DPC,MH)
) (c:/texlive/2021/texmf-dist/tex/latex/glossaries-extra/glossaries-extra.sty
Package: glossaries-extra 2020/04/01 v1.45 (NLCT)


Package xkeyval Warning: key `acronym' has been disabled on input line 784.

\@glsxtr@leveloffset=\count433
\glsxtrresourcecount=\count434
\@glsxtrnewgls@inner=\count435
\glsshortpltok=\toks63
\glslongpltok=\toks64
)
\glswrite=\write20
\glo@main@file=\write21
\openout4 = `main.glo'.

Package glossaries Info: Writing glossary file main.glo on input line 41.
\glo@acronym@file=\write22
\openout4 = `main.acn'.

Package glossaries Info: Writing glossary file main.acn on input line 41.
\glo@sigla@file=\write23
\openout4 = `main.acn2'.

Package glossaries Info: Writing glossary file main.acn2 on input line 41.
\glo@abreviatura@file=\write24
\openout4 = `main.acn3'.

Package glossaries Info: Writing glossary file main.acn3 on input line 41.
 (c:/texlive/2021/texmf-dist/tex/latex/tcolorbox/tcolorbox.sty
Package: tcolorbox 2020/10/09 version 4.42 text color boxes
 (c:/texlive/2021/texmf-dist/tex/latex/pgf/basiclayer/pgf.sty (c:/texlive/2021/texmf-dist/tex/latex/pgf/utilities/pgfrcs.sty (c:/texlive/2021/texmf-dist/tex/generic/pgf/utilities/pgfutil-common.tex
\pgfutil@everybye=\toks65
\pgfutil@tempdima=\dimen320
\pgfutil@tempdimb=\dimen321
 (c:/texlive/2021/texmf-dist/tex/generic/pgf/utilities/pgfutil-common-lists.tex)) (c:/texlive/2021/texmf-dist/tex/generic/pgf/utilities/pgfutil-latex.def
\pgfutil@abb=\box71
) (c:/texlive/2021/texmf-dist/tex/generic/pgf/utilities/pgfrcs.code.tex (c:/texlive/2021/texmf-dist/tex/generic/pgf/pgf.revision.tex)
Package: pgfrcs 2020/12/27 v3.1.8b (3.1.8b)
))
Package: pgf 2020/12/27 v3.1.8b (3.1.8b)
 (c:/texlive/2021/texmf-dist/tex/latex/pgf/basiclayer/pgfcore.sty (c:/texlive/2021/texmf-dist/tex/latex/pgf/systemlayer/pgfsys.sty (c:/texlive/2021/texmf-dist/tex/generic/pgf/systemlayer/pgfsys.code.tex
Package: pgfsys 2020/12/27 v3.1.8b (3.1.8b)
 (c:/texlive/2021/texmf-dist/tex/generic/pgf/utilities/pgfkeys.code.tex
\pgfkeys@pathtoks=\toks66
\pgfkeys@temptoks=\toks67
 (c:/texlive/2021/texmf-dist/tex/generic/pgf/utilities/pgfkeysfiltered.code.tex
\pgfkeys@tmptoks=\toks68
))
\pgf@x=\dimen322
\pgf@y=\dimen323
\pgf@xa=\dimen324
\pgf@ya=\dimen325
\pgf@xb=\dimen326
\pgf@yb=\dimen327
\pgf@xc=\dimen328
\pgf@yc=\dimen329
\pgf@xd=\dimen330
\pgf@yd=\dimen331
\w@pgf@writea=\write25
\r@pgf@reada=\read6
\c@pgf@counta=\count436
\c@pgf@countb=\count437
\c@pgf@countc=\count438
\c@pgf@countd=\count439
\t@pgf@toka=\toks69
\t@pgf@tokb=\toks70
\t@pgf@tokc=\toks71
\pgf@sys@id@count=\count440
 (c:/texlive/2021/texmf-dist/tex/generic/pgf/systemlayer/pgf.cfg
File: pgf.cfg 2020/12/27 v3.1.8b (3.1.8b)
)
Driver file for pgf: pgfsys-pdftex.def
 (c:/texlive/2021/texmf-dist/tex/generic/pgf/systemlayer/pgfsys-pdftex.def
File: pgfsys-pdftex.def 2020/12/27 v3.1.8b (3.1.8b)
 (c:/texlive/2021/texmf-dist/tex/generic/pgf/systemlayer/pgfsys-common-pdf.def
File: pgfsys-common-pdf.def 2020/12/27 v3.1.8b (3.1.8b)
))) (c:/texlive/2021/texmf-dist/tex/generic/pgf/systemlayer/pgfsyssoftpath.code.tex
File: pgfsyssoftpath.code.tex 2020/12/27 v3.1.8b (3.1.8b)
\pgfsyssoftpath@smallbuffer@items=\count441
\pgfsyssoftpath@bigbuffer@items=\count442
) (c:/texlive/2021/texmf-dist/tex/generic/pgf/systemlayer/pgfsysprotocol.code.tex
File: pgfsysprotocol.code.tex 2020/12/27 v3.1.8b (3.1.8b)
)) (c:/texlive/2021/texmf-dist/tex/generic/pgf/basiclayer/pgfcore.code.tex
Package: pgfcore 2020/12/27 v3.1.8b (3.1.8b)
 (c:/texlive/2021/texmf-dist/tex/generic/pgf/math/pgfmath.code.tex (c:/texlive/2021/texmf-dist/tex/generic/pgf/math/pgfmathcalc.code.tex (c:/texlive/2021/texmf-dist/tex/generic/pgf/math/pgfmathutil.code.tex) (c:/texlive/2021/texmf-dist/tex/generic/pgf/math/pgfmathparser.code.tex
\pgfmath@dimen=\dimen332
\pgfmath@count=\count443
\pgfmath@box=\box72
\pgfmath@toks=\toks72
\pgfmath@stack@operand=\toks73
\pgfmath@stack@operation=\toks74
) (c:/texlive/2021/texmf-dist/tex/generic/pgf/math/pgfmathfunctions.code.tex (c:/texlive/2021/texmf-dist/tex/generic/pgf/math/pgfmathfunctions.basic.code.tex) (c:/texlive/2021/texmf-dist/tex/generic/pgf/math/pgfmathfunctions.trigonometric.code.tex) (c:/texlive/2021/texmf-dist/tex/generic/pgf/math/pgfmathfunctions.random.code.tex) (c:/texlive/2021/texmf-dist/tex/generic/pgf/math/pgfmathfunctions.comparison.code.tex) (c:/texlive/2021/texmf-dist/tex/generic/pgf/math/pgfmathfunctions.base.code.tex) (c:/texlive/2021/texmf-dist/tex/generic/pgf/math/pgfmathfunctions.round.code.tex) (c:/texlive/2021/texmf-dist/tex/generic/pgf/math/pgfmathfunctions.misc.code.tex) (c:/texlive/2021/texmf-dist/tex/generic/pgf/math/pgfmathfunctions.integerarithmetics.code.tex))) (c:/texlive/2021/texmf-dist/tex/generic/pgf/math/pgfmathfloat.code.tex
\c@pgfmathroundto@lastzeros=\count444
)) (c:/texlive/2021/texmf-dist/tex/generic/pgf/math/pgfint.code.tex) (c:/texlive/2021/texmf-dist/tex/generic/pgf/basiclayer/pgfcorepoints.code.tex
File: pgfcorepoints.code.tex 2020/12/27 v3.1.8b (3.1.8b)
\pgf@picminx=\dimen333
\pgf@picmaxx=\dimen334
\pgf@picminy=\dimen335
\pgf@picmaxy=\dimen336
\pgf@pathminx=\dimen337
\pgf@pathmaxx=\dimen338
\pgf@pathminy=\dimen339
\pgf@pathmaxy=\dimen340
\pgf@xx=\dimen341
\pgf@xy=\dimen342
\pgf@yx=\dimen343
\pgf@yy=\dimen344
\pgf@zx=\dimen345
\pgf@zy=\dimen346
) (c:/texlive/2021/texmf-dist/tex/generic/pgf/basiclayer/pgfcorepathconstruct.code.tex
File: pgfcorepathconstruct.code.tex 2020/12/27 v3.1.8b (3.1.8b)
\pgf@path@lastx=\dimen347
\pgf@path@lasty=\dimen348
) (c:/texlive/2021/texmf-dist/tex/generic/pgf/basiclayer/pgfcorepathusage.code.tex
File: pgfcorepathusage.code.tex 2020/12/27 v3.1.8b (3.1.8b)
\pgf@shorten@end@additional=\dimen349
\pgf@shorten@start@additional=\dimen350
) (c:/texlive/2021/texmf-dist/tex/generic/pgf/basiclayer/pgfcorescopes.code.tex
File: pgfcorescopes.code.tex 2020/12/27 v3.1.8b (3.1.8b)
\pgfpic=\box73
\pgf@hbox=\box74
\pgf@layerbox@main=\box75
\pgf@picture@serial@count=\count445
) (c:/texlive/2021/texmf-dist/tex/generic/pgf/basiclayer/pgfcoregraphicstate.code.tex
File: pgfcoregraphicstate.code.tex 2020/12/27 v3.1.8b (3.1.8b)
\pgflinewidth=\dimen351
) (c:/texlive/2021/texmf-dist/tex/generic/pgf/basiclayer/pgfcoretransformations.code.tex
File: pgfcoretransformations.code.tex 2020/12/27 v3.1.8b (3.1.8b)
\pgf@pt@x=\dimen352
\pgf@pt@y=\dimen353
\pgf@pt@temp=\dimen354
) (c:/texlive/2021/texmf-dist/tex/generic/pgf/basiclayer/pgfcorequick.code.tex
File: pgfcorequick.code.tex 2020/12/27 v3.1.8b (3.1.8b)
) (c:/texlive/2021/texmf-dist/tex/generic/pgf/basiclayer/pgfcoreobjects.code.tex
File: pgfcoreobjects.code.tex 2020/12/27 v3.1.8b (3.1.8b)
) (c:/texlive/2021/texmf-dist/tex/generic/pgf/basiclayer/pgfcorepathprocessing.code.tex
File: pgfcorepathprocessing.code.tex 2020/12/27 v3.1.8b (3.1.8b)
) (c:/texlive/2021/texmf-dist/tex/generic/pgf/basiclayer/pgfcorearrows.code.tex
File: pgfcorearrows.code.tex 2020/12/27 v3.1.8b (3.1.8b)
\pgfarrowsep=\dimen355
) (c:/texlive/2021/texmf-dist/tex/generic/pgf/basiclayer/pgfcoreshade.code.tex
File: pgfcoreshade.code.tex 2020/12/27 v3.1.8b (3.1.8b)
\pgf@max=\dimen356
\pgf@sys@shading@range@num=\count446
\pgf@shadingcount=\count447
) (c:/texlive/2021/texmf-dist/tex/generic/pgf/basiclayer/pgfcoreimage.code.tex
File: pgfcoreimage.code.tex 2020/12/27 v3.1.8b (3.1.8b)
 (c:/texlive/2021/texmf-dist/tex/generic/pgf/basiclayer/pgfcoreexternal.code.tex
File: pgfcoreexternal.code.tex 2020/12/27 v3.1.8b (3.1.8b)
\pgfexternal@startupbox=\box76
)) (c:/texlive/2021/texmf-dist/tex/generic/pgf/basiclayer/pgfcorelayers.code.tex
File: pgfcorelayers.code.tex 2020/12/27 v3.1.8b (3.1.8b)
) (c:/texlive/2021/texmf-dist/tex/generic/pgf/basiclayer/pgfcoretransparency.code.tex
File: pgfcoretransparency.code.tex 2020/12/27 v3.1.8b (3.1.8b)
) (c:/texlive/2021/texmf-dist/tex/generic/pgf/basiclayer/pgfcorepatterns.code.tex
File: pgfcorepatterns.code.tex 2020/12/27 v3.1.8b (3.1.8b)
) (c:/texlive/2021/texmf-dist/tex/generic/pgf/basiclayer/pgfcorerdf.code.tex
File: pgfcorerdf.code.tex 2020/12/27 v3.1.8b (3.1.8b)
))) (c:/texlive/2021/texmf-dist/tex/generic/pgf/modules/pgfmoduleshapes.code.tex
File: pgfmoduleshapes.code.tex 2020/12/27 v3.1.8b (3.1.8b)
\pgfnodeparttextbox=\box77
) (c:/texlive/2021/texmf-dist/tex/generic/pgf/modules/pgfmoduleplot.code.tex
File: pgfmoduleplot.code.tex 2020/12/27 v3.1.8b (3.1.8b)
) (c:/texlive/2021/texmf-dist/tex/latex/pgf/compatibility/pgfcomp-version-0-65.sty
Package: pgfcomp-version-0-65 2020/12/27 v3.1.8b (3.1.8b)
\pgf@nodesepstart=\dimen357
\pgf@nodesepend=\dimen358
) (c:/texlive/2021/texmf-dist/tex/latex/pgf/compatibility/pgfcomp-version-1-18.sty
Package: pgfcomp-version-1-18 2020/12/27 v3.1.8b (3.1.8b)
)) (c:/texlive/2021/texmf-dist/tex/latex/environ/environ.sty
Package: environ 2014/05/04 v0.3 A new way to define environments
 (c:/texlive/2021/texmf-dist/tex/latex/trimspaces/trimspaces.sty
Package: trimspaces 2009/09/17 v1.1 Trim spaces around a token list
))
\tcb@titlebox=\box78
\tcb@upperbox=\box79
\tcb@lowerbox=\box80
\tcb@phantombox=\box81
\c@tcbbreakpart=\count448
\c@tcblayer=\count449
\c@tcolorbox@number=\count450
\tcb@temp=\box82
\tcb@temp=\box83
\tcb@temp=\box84
\tcb@temp=\box85
\tcb@out=\write26
\tcb@record@out=\write27
)) (./variaveis.tex)
\main@idxfile=\write28
\openout4 = `main.idx'.


Writing index file main.idx 
\@input{./PreTexto/entradas-siglas.aux}
\openout2 = `./PreTexto/entradas-siglas.aux'.

(c:/Users/lucas/Documents/Repositórios/TCC/./PreTexto/entradas-siglas.tex)
\@input{./PosTexto/entradas-glossario.aux}
\openout2 = `./PosTexto/entradas-glossario.aux'.

(c:/Users/lucas/Documents/Repositórios/TCC/./PosTexto/entradas-glossario.tex)
\@nomenclaturefile=\write29
\openout4 = `main.nlo'.

Package nomencl Info: Writing nomenclature file main.nlo on input line 104.
LaTeX Font Info:    Trying to load font information for T1+phv on input line 107.
 (c:/texlive/2021/texmf-dist/tex/latex/psnfss/t1phv.fd
File: t1phv.fd 2020/03/25 scalable font definitions for T1/phv.
)
LaTeX Font Info:    Font shape `T1/phv/m/n' will be
(Font)              scaled to size 10.79993pt on input line 107.
 (c:/Users/lucas/Documents/Repositórios/TCC/main.aux (c:/Users/lucas/Documents/Repositórios/TCC/./capitulos/cap-1-introducao.aux) (c:/Users/lucas/Documents/Repositórios/TCC/./capitulos/cap-2-Industria5_0.aux))
\openout1 = `main.aux'.

LaTeX Font Info:    Checking defaults for OML/cmm/m/it on input line 107.
LaTeX Font Info:    ... okay on input line 107.
LaTeX Font Info:    Checking defaults for OMS/cmsy/m/n on input line 107.
LaTeX Font Info:    ... okay on input line 107.
LaTeX Font Info:    Checking defaults for OT1/cmr/m/n on input line 107.
LaTeX Font Info:    ... okay on input line 107.
LaTeX Font Info:    Checking defaults for T1/cmr/m/n on input line 107.
LaTeX Font Info:    ... okay on input line 107.
LaTeX Font Info:    Checking defaults for TS1/cmr/m/n on input line 107.
LaTeX Font Info:    ... okay on input line 107.
LaTeX Font Info:    Checking defaults for OMX/cmex/m/n on input line 107.
LaTeX Font Info:    ... okay on input line 107.
LaTeX Font Info:    Checking defaults for U/cmr/m/n on input line 107.
LaTeX Font Info:    ... okay on input line 107.
LaTeX Font Info:    Checking defaults for PD1/pdf/m/n on input line 107.
LaTeX Font Info:    ... okay on input line 107.
LaTeX Font Info:    Checking defaults for PU/pdf/m/n on input line 107.
LaTeX Font Info:    ... okay on input line 107.
 (c:/texlive/2021/texmf-dist/tex/context/base/mkii/supp-pdf.mkii
[Loading MPS to PDF converter (version 2006.09.02).]
\scratchcounter=\count451
\scratchdimen=\dimen359
\scratchbox=\box86
\nofMPsegments=\count452
\nofMParguments=\count453
\everyMPshowfont=\toks75
\MPscratchCnt=\count454
\MPscratchDim=\dimen360
\MPnumerator=\count455
\makeMPintoPDFobject=\count456
\everyMPtoPDFconversion=\toks76
) (c:/texlive/2021/texmf-dist/tex/latex/epstopdf-pkg/epstopdf-base.sty
Package: epstopdf-base 2020-01-24 v2.11 Base part for package epstopdf
Package epstopdf-base Info: Redefining graphics rule for `.eps' on input line 485.
 (c:/texlive/2021/texmf-dist/tex/latex/latexconfig/epstopdf-sys.cfg
File: epstopdf-sys.cfg 2010/07/13 v1.3 Configuration of (r)epstopdf for TeX Live
))
Package hyperref Info: Link coloring ON on input line 107.
 (c:/texlive/2021/texmf-dist/tex/latex/hyperref/nameref.sty
Package: nameref 2021-04-02 v2.47 Cross-referencing by name of section
 (c:/texlive/2021/texmf-dist/tex/latex/refcount/refcount.sty
Package: refcount 2019/12/15 v3.6 Data extraction from label references (HO)
) (c:/texlive/2021/texmf-dist/tex/generic/gettitlestring/gettitlestring.sty
Package: gettitlestring 2019/12/15 v1.6 Cleanup title references (HO)
)
\c@section@level=\count457
)
Redoing nameref's sectioning
Redoing nameref's label
LaTeX Info: Redefining \nameref on input line 107.
LaTeX Info: Redefining \ref on input line 107.
LaTeX Info: Redefining \pageref on input line 107.
LaTeX Info: Redefining \nameref on input line 107.
LaTeX Info: Redefining \degres on input line 107.
LaTeX Info: Redefining \dots on input line 107.
LaTeX Info: Redefining \up on input line 107.
\myptabbox=\box87
\myptabboxwidth=\skip315
*geometry* driver: auto-detecting
*geometry* detected driver: pdftex
*geometry* verbose mode - [ preamble ] result:
* driver: pdftex
* paper: a4paper
* layout: <same size as paper>
* layoutoffset:(h,v)=(0.0pt,0.0pt)
* modes: 
* h-part:(L,W,R)=(85.35826pt, 455.24411pt, 56.9055pt)
* v-part:(T,H,B)=(85.35826pt, 724.12265pt, 35.56593pt)
* \paperwidth=597.50787pt
* \paperheight=845.04684pt
* \textwidth=455.24411pt
* \textheight=724.12265pt
* \oddsidemargin=13.08827pt
* \evensidemargin=13.08827pt
* \topmargin=-43.81721pt
* \headheight=28.45274pt
* \headsep=28.45274pt
* \topskip=12.0pt
* \footskip=14.22636pt
* \marginparwidth=42.9055pt
* \marginparsep=7.0pt
* \columnsep=10.0pt
* \skip\footins=12.0pt plus 4.0pt minus 4.0pt
* \hoffset=0.0pt
* \voffset=0.0pt
* \mag=1000
* \@twocolumnfalse
* \@twosidefalse
* \@mparswitchfalse
* \@reversemarginfalse
* (1in=72.27pt=25.4mm, 1cm=28.453pt)

Package lastpage Info: Please have a look at the pageslts package at
(lastpage)             https://www.ctan.org/pkg/pageslts
(lastpage)             ! on input line 107.
<<ot1.cmap>><<oml.cmap>><<oms.cmap>><<omx.cmap>>
LaTeX Font Info:    Trying to load font information for U+msa on input line 107.
 (c:/texlive/2021/texmf-dist/tex/latex/amsfonts/umsa.fd
File: umsa.fd 2013/01/14 v3.01 AMS symbols A
)
LaTeX Font Info:    Trying to load font information for U+msb on input line 107.
 (c:/texlive/2021/texmf-dist/tex/latex/amsfonts/umsb.fd
File: umsb.fd 2013/01/14 v3.01 AMS symbols B
)
LaTeX Font Info:    Trying to load font information for U+wasy on input line 107.
 (c:/texlive/2021/texmf-dist/tex/latex/wasysym/uwasy.fd
File: uwasy.fd 2020/01/19 v2.4 Wasy-2 symbol font definitions
)<<ot1tt.cmap>>
Package caption Info: Begin \AtBeginDocument code.
Package caption Info: subfig package v1.3 is loaded.
Package caption Info: listings package is loaded.
Package caption Info: xtab package is loaded.
Package caption Info: End \AtBeginDocument code.
*geometry* verbose mode - [ newgeometry ] result:
* driver: pdftex
* paper: a4paper
* layout: <same size as paper>
* layoutoffset:(h,v)=(0.0pt,0.0pt)
* modes: includehead 
* h-part:(L,W,R)=(85.35826pt, 455.24411pt, 56.9055pt)
* v-part:(T,H,B)=(85.35826pt, 724.12265pt, 35.56593pt)
* \paperwidth=597.50787pt
* \paperheight=845.04684pt
* \textwidth=455.24411pt
* \textheight=652.99077pt
* \oddsidemargin=13.08827pt
* \evensidemargin=13.08827pt
* \topmargin=13.08827pt
* \headheight=71.13188pt
* \headsep=0.0pt
* \topskip=12.0pt
* \footskip=14.22636pt
* \marginparwidth=42.9055pt
* \marginparsep=7.0pt
* \columnsep=10.0pt
* \skip\footins=12.0pt plus 4.0pt minus 4.0pt
* \hoffset=0.0pt
* \voffset=0.0pt
* \mag=1000
* \@twocolumnfalse
* \@twosidefalse
* \@mparswitchfalse
* \@reversemarginfalse
* (1in=72.27pt=25.4mm, 1cm=28.453pt)

 (c:/texlive/2021/texmf-dist/tex/latex/pdflscape/pdflscape.sty
Package: pdflscape 2019/12/05 v0.12 Display of landscape pages in PDF (HO)
 (c:/texlive/2021/texmf-dist/tex/latex/graphics/lscape.sty
Package: lscape 2020/05/28 v3.02 Landscape Pages (DPC)
)
Package pdflscape Info: Auto-detected driver: pdftex on input line 81.
)
\c@lstlisting=\count458
LaTeX Font Info:    Font shape `T1/phv/m/n' will be
(Font)              scaled to size 12.9599pt on input line 114.
LaTeX Font Info:    Font shape `T1/phv/b/n' will be
(Font)              scaled to size 12.9599pt on input line 114.
\openout4 = `main.mw'.

 [1










] (c:/Users/lucas/Documents/Repositórios/TCC/main.mw)
\openout4 = `main.mw'.

\openout4 = `main.ist'.

\openout4 = `main.mw'.

\openout4 = `main.mw'.

\openout4 = `main.mw'.

\openout4 = `main.mw'.

\openout4 = `main.mw'.

\openout4 = `main.mw'.

\openout4 = `main.mw'.

\openout4 = `main.mw'.

\openout4 = `main.mw'.

\openout4 = `main.mw'.

\openout4 = `main.mw'.

\openout4 = `main.mw'.

\openout4 = `main.mw'.

\openout4 = `main.mw'.

\openout4 = `main.mw'.

\openout4 = `main.mw'.

\openout4 = `main.mw'.

\openout4 = `main.mw'.

\openout4 = `main.mw'.

\openout4 = `main.mw'.

\openout4 = `main.mw'.

\openout4 = `main.mw'.

\openout4 = `main.mw'.

\openout4 = `main.mw'.

\openout4 = `main.mw'.

\openout4 = `main.mw'.

\openout4 = `main.mw'.

\openout4 = `main.mw'.

\openout4 = `main.mw'.

\openout4 = `main.mw'.

\openout4 = `main.mw'.

\openout4 = `main.mw'.

\openout4 = `main.mw'.

\openout4 = `main.mw'.

\openout4 = `main.mw'.

\openout4 = `main.mw'.

\openout4 = `main.mw'.

\openout4 = `main.mw'.

\openout4 = `main.mw'.

\openout4 = `main.mw'.

\openout4 = `main.mw'.

\openout4 = `main.mw'.

\openout4 = `main.mw'.

\openout4 = `main.mw'.

\openout4 = `main.mw'.

\openout4 = `main.mw'.

\openout4 = `main.mw'.

\openout4 = `main.mw'.

\openout4 = `main.mw'.

\openout4 = `main.mw'.

\openout4 = `main.mw'.

\openout4 = `main.mw'.

\openout4 = `main.mw'.

\openout4 = `main.mw'.

\openout4 = `main.mw'.

\openout4 = `main.mw'.

\openout4 = `main.mw'.

\openout4 = `main.mw'.

\openout4 = `main.mw'.

\openout4 = `main.mw'.

\openout4 = `main.mw'.

\openout4 = `main.mw'.

\openout4 = `main.ist'.

\openout4 = `main.mw'.

\openout4 = `main.mw'.

\openout4 = `main.mw'.

\openout4 = `main.mw'.

\openout4 = `main.mw'.

\openout4 = `main.mw'.


Underfull \hbox (badness 3302) in paragraph at lines 118--118
\T1/phv/m/n/12 de Gra-du-a-o apre-sen-tado como re-qui-sito
 []


Underfull \hbox (badness 4621) in paragraph at lines 118--118
\T1/phv/m/n/12 para ob-ten-o do t-tulo de Ba-cha-rel em
 []


Underfull \hbox (badness 3568) in paragraph at lines 118--118
\T1/phv/m/n/12 e Au-to-ma-o da Uni-ver-si-dade Tec-no-l-gica
 []


Underfull \hbox (badness 5970) in paragraph at lines 118--118
[][] \T1/phv/m/n/12 Prof. Me. Paulo Ro-g-rio da
 []

LaTeX Font Info:    Font shape `T1/phv/b/n' will be
(Font)              scaled to size 10.79993pt on input line 118.
LaTeX Font Info:    Font shape `T1/phv/m/n' will be
(Font)              scaled to size 9.85492pt on input line 118.
Package epstopdf Info: Source file: <./PreTexto/arquivos/licencasCC/by.eps>
(epstopdf)                    date: 2025-10-04 14:40:20
(epstopdf)                    size: 36313 bytes
(epstopdf)             Output file: <./PreTexto/arquivos/licencasCC/by-eps-converted-to.pdf>
(epstopdf)                    date: 2025-10-06 18:08:46
(epstopdf)                    size: 4923 bytes
(epstopdf)             Command: <repstopdf --outfile=./PreTexto/arquivos/licencasCC/by-eps-converted-to.pdf ./PreTexto/arquivos/licencasCC/by.eps>
(epstopdf)             \includegraphics on input line 118.
Package epstopdf Info: Output file is already uptodate.
<./PreTexto/arquivos/licencasCC/by-eps-converted-to.pdf, id=22, 120.45pt x 42.1575pt>
File: ./PreTexto/arquivos/licencasCC/by-eps-converted-to.pdf Graphic file (type pdf)
<use ./PreTexto/arquivos/licencasCC/by-eps-converted-to.pdf>
Package pdftex.def Info: ./PreTexto/arquivos/licencasCC/by-eps-converted-to.pdf  used on input line 118.
(pdftex.def)             Requested size: 72.27054pt x 25.29468pt.

Overfull \hbox (14.73956pt too wide) in paragraph at lines 118--118
[]|[]| 
 []

\openout4 = `main.mw'.

[2



 <c:/Users/lucas/Documents/Repositórios/TCC/./PreTexto/arquivos/licencasCC/by-eps-converted-to.pdf>] (c:/Users/lucas/Documents/Repositórios/TCC/main.mw)
\openout4 = `main.mw'.

 (c:/Users/lucas/Documents/Repositórios/TCC/main.acr3) (c:/Users/lucas/Documents/Repositórios/TCC/main.acr2
LaTeX Font Info:    Font shape `T1/phv/m/it' in size <12> not available
(Font)              Font shape `T1/phv/m/sl' tried instead on input line 11.
LaTeX Font Info:    Font shape `T1/phv/m/sl' will be
(Font)              scaled to size 10.79993pt on input line 11.

Overfull \hbox (5.99997pt too wide) in paragraph at lines 2--15
[] 
 []

) (c:/Users/lucas/Documents/Repositórios/TCC/main.acr)pdfTeX warning (ext4): destination with the same identifier (name{page.2}) has been already used, duplicate ignored
<to be read again> 
                   \relax 
l.188 \incluirlistadeacronimos{glossaries}
                                          %% Opções: "glossaries" (pacote)...
\openout4 = `main.mw'.

 [2


] (c:/Users/lucas/Documents/Repositórios/TCC/main.mw)
\openout4 = `main.mw'.

 (c:/Users/lucas/Documents/Repositórios/TCC/main.toc)
\openout4 = `main.mw'.

 [3

] (c:/Users/lucas/Documents/Repositórios/TCC/main.mw)
\openout4 = `main.mw'.

\openout2 = `./capitulos/cap-1-introducao.aux'.

 (c:/Users/lucas/Documents/Repositórios/TCC/./capitulos/cap-1-introducao.tex
\openout4 = `main.mw'.

 [4



] (c:/Users/lucas/Documents/Repositórios/TCC/main.mw)
\openout4 = `main.mw'.

\openout4 = `main.mw'.

 [5] (c:/Users/lucas/Documents/Repositórios/TCC/main.mw)
\openout4 = `main.mw'.

\openout4 = `main.mw'.

\openout4 = `main.mw'.

\openout4 = `main.mw'.

\openout4 = `main.mw'.

\openout4 = `main.mw'.

\openout4 = `main.mw'.

\openout4 = `main.mw'.

\openout4 = `main.mw'.

\openout4 = `main.mw'.

\openout4 = `main.mw'.

\openout4 = `main.mw'.

\openout4 = `main.mw'.

\openout4 = `main.mw'.

\openout4 = `main.mw'.

LaTeX Font Info:    Trying to load font information for TS1+phv on input line 41.
 (c:/texlive/2021/texmf-dist/tex/latex/psnfss/ts1phv.fd
File: ts1phv.fd 2020/03/25 scalable font definitions for TS1/phv.
)
LaTeX Font Info:    Font shape `TS1/phv/m/n' will be
(Font)              scaled to size 10.79993pt on input line 41.
\openout4 = `main.mw'.

 [6] (c:/Users/lucas/Documents/Repositórios/TCC/main.mw)
\openout4 = `main.mw'.

\openout4 = `main.mw'.

\openout4 = `main.mw'.

\openout4 = `main.mw'.

\openout4 = `main.mw'.

\openout4 = `main.mw'.

\openout4 = `main.mw'.

\openout4 = `main.mw'.

\openout4 = `main.mw'.

\openout4 = `main.mw'.

\openout4 = `main.mw'.

\openout4 = `main.mw'.

\openout4 = `main.mw'.

\openout4 = `main.mw'.

\openout4 = `main.mw'.

)
\openout4 = `main.mw'.

 [7] (c:/Users/lucas/Documents/Repositórios/TCC/main.mw)
\openout4 = `main.mw'.

\openout4 = `main.mw'.

\openout4 = `main.mw'.

\openout4 = `main.mw'.

\openout4 = `main.mw'.

\openout4 = `main.mw'.

\openout4 = `main.mw'.

\openout2 = `./capitulos/cap-2-Industria5_0.aux'.

 (c:/Users/lucas/Documents/Repositórios/TCC/./capitulos/cap-2-Industria5_0.tex
\openout4 = `main.mw'.

 [8




] (c:/Users/lucas/Documents/Repositórios/TCC/main.mw)
\openout4 = `main.mw'.

\openout4 = `main.mw'.

\openout4 = `main.mw'.

\openout4 = `main.mw'.

 [9] (c:/Users/lucas/Documents/Repositórios/TCC/main.mw)
\openout4 = `main.mw'.

\openout4 = `main.mw'.

 [10] (c:/Users/lucas/Documents/Repositórios/TCC/main.mw)
\openout4 = `main.mw'.

\openout4 = `main.mw'.

 [11] (c:/Users/lucas/Documents/Repositórios/TCC/main.mw)
\openout4 = `main.mw'.

\openout4 = `main.mw'.

 [12] (c:/Users/lucas/Documents/Repositórios/TCC/main.mw)
\openout4 = `main.mw'.

\openout4 = `main.mw'.

 [13] (c:/Users/lucas/Documents/Repositórios/TCC/main.mw)
\openout4 = `main.mw'.

\openout4 = `main.mw'.

\openout4 = `main.mw'.

\openout4 = `main.mw'.

\openout4 = `main.mw'.

\openout4 = `main.mw'.

\openout4 = `main.mw'.

\openout4 = `main.mw'.

\openout4 = `main.mw'.

\openout4 = `main.mw'.

 [14] (c:/Users/lucas/Documents/Repositórios/TCC/main.mw)
\openout4 = `main.mw'.

\openout4 = `main.mw'.

\openout4 = `main.mw'.

\openout4 = `main.mw'.

\openout4 = `main.mw'.

\openout4 = `main.mw'.

\openout4 = `main.mw'.

\openout4 = `main.mw'.

\openout4 = `main.mw'.

\openout4 = `main.mw'.

\openout4 = `main.mw'.

\openout4 = `main.mw'.

\openout4 = `main.mw'.

\openout4 = `main.mw'.

\openout4 = `main.mw'.

\openout4 = `main.mw'.

\openout4 = `main.mw'.

)
\openout4 = `main.mw'.

 [15] (c:/Users/lucas/Documents/Repositórios/TCC/main.mw)
\openout4 = `main.mw'.

\openout4 = `main.mw'.

\openout4 = `main.mw'.

\openout4 = `main.mw'.

\openout4 = `main.mw'.

 (c:/Users/lucas/Documents/Repositórios/TCC/main.bbl
bibitemlist
\openout4 = `main.mw'.

[16



] (c:/Users/lucas/Documents/Repositórios/TCC/main.mw)
\openout4 = `main.mw'.

) 
AED: lastpage setting LastPage
\openout4 = `main.mw'.

[17] (c:/Users/lucas/Documents/Repositórios/TCC/main.mw)
\openout4 = `main.mw'.

\tf@toc=\write30
\openout4 = `main.toc'.

 (c:/Users/lucas/Documents/Repositórios/TCC/main.aux
\openout4 = `main.mw'.

\openout4 = `main.mw'.

\openout4 = `main.mw'.

\openout4 = `main.mw'.

\openout4 = `main.mw'.

\openout4 = `main.mw'.

\openout4 = `main.mw'.

\openout4 = `main.mw'.

\openout4 = `main.mw'.

\openout4 = `main.mw'.

 (c:/Users/lucas/Documents/Repositórios/TCC/./capitulos/cap-1-introducao.aux
\openout4 = `main.mw'.

\openout4 = `main.mw'.

\openout4 = `main.mw'.

\openout4 = `main.mw'.

\openout4 = `main.mw'.

\openout4 = `main.mw'.

\openout4 = `main.mw'.

\openout4 = `main.mw'.

\openout4 = `main.mw'.

\openout4 = `main.mw'.

\openout4 = `main.mw'.

\openout4 = `main.mw'.

\openout4 = `main.mw'.

\openout4 = `main.mw'.

\openout4 = `main.mw'.

\openout4 = `main.mw'.

\openout4 = `main.mw'.

\openout4 = `main.mw'.

\openout4 = `main.mw'.

\openout4 = `main.mw'.

\openout4 = `main.mw'.

\openout4 = `main.mw'.

) (c:/Users/lucas/Documents/Repositórios/TCC/./capitulos/cap-2-Industria5_0.aux
\openout4 = `main.mw'.

\openout4 = `main.mw'.

\openout4 = `main.mw'.

\openout4 = `main.mw'.

\openout4 = `main.mw'.

\openout4 = `main.mw'.

\openout4 = `main.mw'.

\openout4 = `main.mw'.

\openout4 = `main.mw'.

\openout4 = `main.mw'.

\openout4 = `main.mw'.

\openout4 = `main.mw'.

\openout4 = `main.mw'.

\openout4 = `main.mw'.

\openout4 = `main.mw'.

\openout4 = `main.mw'.

\openout4 = `main.mw'.

\openout4 = `main.mw'.

\openout4 = `main.mw'.

\openout4 = `main.mw'.

\openout4 = `main.mw'.

\openout4 = `main.mw'.

\openout4 = `main.mw'.

\openout4 = `main.mw'.

\openout4 = `main.mw'.

\openout4 = `main.mw'.

\openout4 = `main.mw'.

\openout4 = `main.mw'.

\openout4 = `main.mw'.

\openout4 = `main.mw'.

)
\openout4 = `main.mw'.

\openout4 = `main.mw'.

\openout4 = `main.mw'.

\openout4 = `main.mw'.

\openout4 = `main.mw'.

\openout4 = `main.mw'.

\openout4 = `main.mw'.

\openout4 = `main.mw'.

\openout4 = `main.mw'.

\openout4 = `main.mw'.

\openout4 = `main.mw'.

\openout4 = `main.mw'.

)
\openout4 = `main.glo'.

\openout4 = `main.acn'.

\openout4 = `main.acn2'.

\openout4 = `main.acn3'.

\openout4 = `main.idx'.

\openout4 = `main.nlo'.

\openout4 = `main.toc'.

 ) 
Here is how much of TeX's memory you used:
 47094 strings out of 478994
 823587 string characters out of 5862207
 1354367 words of memory out of 5000000
 63486 multiletter control sequences out of 15000+600000
 430249 words of font info for 79 fonts, out of 8000000 for 9000
 1141 hyphenation exceptions out of 8191
 128i,19n,131p,1377b,2580s stack positions out of 5000i,500n,10000p,200000b,80000s
{c:/texlive/2021/texmf-dist/fonts/enc/dvips/base/8r.enc}<c:/texlive/2021/texmf-dist/fonts/type1/public/amsfonts/cm/cmmi12.pfb><c:/texlive/2021/texmf-dist/fonts/type1/public/amsfonts/cm/cmr8.pfb><c:/texlive/2021/texmf-dist/fonts/type1/urw/helvetic/uhvb8a.pfb><c:/texlive/2021/texmf-dist/fonts/type1/urw/helvetic/uhvr8a.pfb><c:/texlive/2021/texmf-dist/fonts/type1/urw/helvetic/uhvro8a.pfb>
Output written on c:/Users/lucas/Documents/Repositórios/TCC/main.pdf (18 pages, 123195 bytes).
PDF statistics:
 593 PDF objects out of 1000 (max. 8388607)
 549 compressed objects within 6 object streams
 81 named destinations out of 1000 (max. 500000)
 270 words of extra memory for PDF output out of 10000 (max. 10000000)

